<?xml version="1.0" encoding="UTF-8"?>
<coverage generated="1606383268412" clover="3.2.0">
  <project timestamp="1606383268413" name="All files">
    <metrics statements="297" coveredstatements="260" conditionals="156" coveredconditionals="113" methods="105" coveredmethods="95" elements="558" coveredelements="468" complexity="0" loc="297" ncloc="297" packages="6" files="27" classes="27"/>
    <package name="src">
      <metrics statements="22" coveredstatements="17" conditionals="8" coveredconditionals="6" methods="4" coveredmethods="3"/>
      <file name="App.js" path="/Users/taylormorgan/Documents/Projects/scratch/react-resume/src/App.js">
        <metrics statements="2" coveredstatements="0" conditionals="0" coveredconditionals="0" methods="1" coveredmethods="0"/>
        <line num="6" count="0" type="stmt"/>
        <line num="7" count="0" type="stmt"/>
      </file>
      <file name="Contexts.js" path="/Users/taylormorgan/Documents/Projects/scratch/react-resume/src/Contexts.js">
        <metrics statements="5" coveredstatements="5" conditionals="0" coveredconditionals="0" methods="0" coveredmethods="0"/>
        <line num="3" count="11" type="stmt"/>
        <line num="4" count="11" type="stmt"/>
        <line num="5" count="11" type="stmt"/>
        <line num="6" count="11" type="stmt"/>
        <line num="7" count="11" type="stmt"/>
      </file>
      <file name="DisplayOptionsStore.js" path="/Users/taylormorgan/Documents/Projects/scratch/react-resume/src/DisplayOptionsStore.js">
        <metrics statements="7" coveredstatements="6" conditionals="4" coveredconditionals="3" methods="1" coveredmethods="1"/>
        <line num="1" count="10" type="stmt"/>
        <line num="7" count="10" type="stmt"/>
        <line num="8" count="7" type="cond" truecount="3" falsecount="1"/>
        <line num="10" count="1" type="stmt"/>
        <line num="12" count="3" type="stmt"/>
        <line num="14" count="3" type="stmt"/>
        <line num="16" count="0" type="stmt"/>
      </file>
      <file name="WithProviders.js" path="/Users/taylormorgan/Documents/Projects/scratch/react-resume/src/WithProviders.js">
        <metrics statements="4" coveredstatements="4" conditionals="3" coveredconditionals="3" methods="1" coveredmethods="1"/>
        <line num="14" count="10" type="stmt"/>
        <line num="18" count="67" type="stmt"/>
        <line num="23" count="67" type="stmt"/>
        <line num="27" count="67" type="stmt"/>
      </file>
      <file name="index.js" path="/Users/taylormorgan/Documents/Projects/scratch/react-resume/src/index.js">
        <metrics statements="2" coveredstatements="0" conditionals="0" coveredconditionals="0" methods="0" coveredmethods="0"/>
        <line num="6" count="0" type="stmt"/>
        <line num="7" count="0" type="stmt"/>
      </file>
      <file name="theme.js" path="/Users/taylormorgan/Documents/Projects/scratch/react-resume/src/theme.js">
        <metrics statements="2" coveredstatements="2" conditionals="1" coveredconditionals="0" methods="1" coveredmethods="1"/>
        <line num="2" count="10" type="cond" truecount="0" falsecount="1"/>
        <line num="3" count="67" type="stmt"/>
      </file>
    </package>
    <package name="src.components">
      <metrics statements="12" coveredstatements="12" conditionals="4" coveredconditionals="3" methods="6" coveredmethods="6"/>
      <file name="DisplayOptions.js" path="/Users/taylormorgan/Documents/Projects/scratch/react-resume/src/components/DisplayOptions.js">
        <metrics statements="9" coveredstatements="9" conditionals="2" coveredconditionals="2" methods="5" coveredmethods="5"/>
        <line num="15" count="25" type="stmt"/>
        <line num="29" count="2" type="stmt"/>
        <line num="30" count="25" type="stmt"/>
        <line num="31" count="25" type="stmt"/>
        <line num="32" count="25" type="stmt"/>
        <line num="34" count="25" type="stmt"/>
        <line num="44" count="1" type="stmt"/>
        <line num="57" count="3" type="stmt"/>
        <line num="74" count="3" type="stmt"/>
      </file>
      <file name="Resume.js" path="/Users/taylormorgan/Documents/Projects/scratch/react-resume/src/components/Resume.js">
        <metrics statements="3" coveredstatements="3" conditionals="2" coveredconditionals="1" methods="1" coveredmethods="1"/>
        <line num="13" count="1" type="stmt"/>
        <line num="14" count="6" type="stmt"/>
        <line num="15" count="6" type="stmt"/>
      </file>
    </package>
    <package name="src.components.StandardLayout">
      <metrics statements="39" coveredstatements="38" conditionals="20" coveredconditionals="19" methods="11" coveredmethods="11"/>
      <file name="CertificationList.js" path="/Users/taylormorgan/Documents/Projects/scratch/react-resume/src/components/StandardLayout/CertificationList.js">
        <metrics statements="4" coveredstatements="4" conditionals="2" coveredconditionals="2" methods="2" coveredmethods="2"/>
        <line num="7" count="2" type="stmt"/>
        <line num="8" count="12" type="stmt"/>
        <line num="10" count="12" type="stmt"/>
        <line num="14" count="21" type="stmt"/>
      </file>
      <file name="EducationList.js" path="/Users/taylormorgan/Documents/Projects/scratch/react-resume/src/components/StandardLayout/EducationList.js">
        <metrics statements="18" coveredstatements="17" conditionals="14" coveredconditionals="13" methods="3" coveredmethods="3"/>
        <line num="7" count="2" type="stmt"/>
        <line num="8" count="19" type="stmt"/>
        <line num="10" count="19" type="stmt"/>
        <line num="11" count="37" type="stmt"/>
        <line num="12" count="37" type="cond" truecount="4" falsecount="0"/>
        <line num="13" count="32" type="stmt"/>
        <line num="16" count="5" type="cond" truecount="1" falsecount="1"/>
        <line num="17" count="0" type="stmt"/>
        <line num="19" count="5" type="stmt"/>
        <line num="21" count="37" type="cond" truecount="2" falsecount="0"/>
        <line num="22" count="32" type="stmt"/>
        <line num="24" count="37" type="cond" truecount="2" falsecount="0"/>
        <line num="25" count="26" type="stmt"/>
        <line num="27" count="37" type="cond" truecount="2" falsecount="0"/>
        <line num="28" count="32" type="stmt"/>
        <line num="30" count="37" type="stmt"/>
        <line num="33" count="19" type="stmt"/>
        <line num="37" count="37" type="stmt"/>
      </file>
      <file name="ExperienceList.js" path="/Users/taylormorgan/Documents/Projects/scratch/react-resume/src/components/StandardLayout/ExperienceList.js">
        <metrics statements="4" coveredstatements="4" conditionals="2" coveredconditionals="2" methods="2" coveredmethods="2"/>
        <line num="7" count="2" type="stmt"/>
        <line num="8" count="13" type="stmt"/>
        <line num="10" count="13" type="stmt"/>
        <line num="14" count="53" type="stmt"/>
      </file>
      <file name="Overview.js" path="/Users/taylormorgan/Documents/Projects/scratch/react-resume/src/components/StandardLayout/Overview.js">
        <metrics statements="4" coveredstatements="4" conditionals="0" coveredconditionals="0" methods="1" coveredmethods="1"/>
        <line num="6" count="2" type="stmt"/>
        <line num="7" count="9" type="stmt"/>
        <line num="8" count="9" type="stmt"/>
        <line num="10" count="9" type="stmt"/>
      </file>
      <file name="ResumeSection.js" path="/Users/taylormorgan/Documents/Projects/scratch/react-resume/src/components/StandardLayout/ResumeSection.js">
        <metrics statements="9" coveredstatements="9" conditionals="2" coveredconditionals="2" methods="3" coveredmethods="3"/>
        <line num="7" count="5" type="stmt"/>
        <line num="8" count="99" type="stmt"/>
        <line num="9" count="99" type="stmt"/>
        <line num="10" count="99" type="stmt"/>
        <line num="12" count="99" type="stmt"/>
        <line num="13" count="2" type="stmt"/>
        <line num="16" count="99" type="stmt"/>
        <line num="17" count="49" type="stmt"/>
        <line num="20" count="99" type="stmt"/>
      </file>
    </package>
    <package name="src.components.StandardLayout.ResumeCard">
      <metrics statements="31" coveredstatements="30" conditionals="17" coveredconditionals="17" methods="11" coveredmethods="10"/>
      <file name="CardBulletList.js" path="/Users/taylormorgan/Documents/Projects/scratch/react-resume/src/components/StandardLayout/ResumeCard/CardBulletList.js">
        <metrics statements="8" coveredstatements="8" conditionals="6" coveredconditionals="6" methods="3" coveredmethods="3"/>
        <line num="6" count="7" type="stmt"/>
        <line num="7" count="42" type="stmt"/>
        <line num="14" count="7" type="stmt"/>
        <line num="15" count="126" type="stmt"/>
        <line num="17" count="126" type="cond" truecount="4" falsecount="0"/>
        <line num="18" count="8" type="stmt"/>
        <line num="21" count="118" type="stmt"/>
        <line num="25" count="535" type="stmt"/>
      </file>
      <file name="CardMetaList.js" path="/Users/taylormorgan/Documents/Projects/scratch/react-resume/src/components/StandardLayout/ResumeCard/CardMetaList.js">
        <metrics statements="6" coveredstatements="6" conditionals="4" coveredconditionals="4" methods="2" coveredmethods="2"/>
        <line num="4" count="7" type="stmt"/>
        <line num="5" count="126" type="stmt"/>
        <line num="7" count="126" type="cond" truecount="4" falsecount="0"/>
        <line num="8" count="19" type="stmt"/>
        <line num="11" count="107" type="stmt"/>
        <line num="14" count="361" type="stmt"/>
      </file>
      <file name="CardStyles.js" path="/Users/taylormorgan/Documents/Projects/scratch/react-resume/src/components/StandardLayout/ResumeCard/CardStyles.js">
        <metrics statements="3" coveredstatements="3" conditionals="0" coveredconditionals="0" methods="2" coveredmethods="2"/>
        <line num="3" count="9" type="stmt"/>
        <line num="4" count="53" type="stmt"/>
        <line num="5" count="356" type="stmt"/>
      </file>
      <file name="DateRange.js" path="/Users/taylormorgan/Documents/Projects/scratch/react-resume/src/components/StandardLayout/ResumeCard/DateRange.js">
        <metrics statements="5" coveredstatements="5" conditionals="7" coveredconditionals="7" methods="1" coveredmethods="1"/>
        <line num="4" count="7" type="cond" truecount="1" falsecount="0"/>
        <line num="5" count="132" type="cond" truecount="2" falsecount="0"/>
        <line num="6" count="21" type="stmt"/>
        <line num="8" count="111" type="cond" truecount="2" falsecount="0"/>
        <line num="9" count="111" type="stmt"/>
      </file>
      <file name="ResumeCard.js" path="/Users/taylormorgan/Documents/Projects/scratch/react-resume/src/components/StandardLayout/ResumeCard/ResumeCard.js">
        <metrics statements="9" coveredstatements="8" conditionals="0" coveredconditionals="0" methods="3" coveredmethods="2"/>
        <line num="11" count="6" type="stmt"/>
        <line num="12" count="122" type="stmt"/>
        <line num="13" count="122" type="stmt"/>
        <line num="14" count="122" type="stmt"/>
        <line num="16" count="122" type="stmt"/>
        <line num="17" count="0" type="stmt"/>
        <line num="20" count="122" type="stmt"/>
        <line num="21" count="120" type="stmt"/>
        <line num="24" count="122" type="stmt"/>
      </file>
    </package>
    <package name="src.components.TimelineLayout">
      <metrics statements="182" coveredstatements="153" conditionals="99" coveredconditionals="65" methods="67" coveredmethods="60"/>
      <file name="Timeline.js" path="/Users/taylormorgan/Documents/Projects/scratch/react-resume/src/components/TimelineLayout/Timeline.js">
        <metrics statements="5" coveredstatements="5" conditionals="0" coveredconditionals="0" methods="1" coveredmethods="1"/>
        <line num="7" count="2" type="stmt"/>
        <line num="8" count="2" type="stmt"/>
        <line num="9" count="2" type="stmt"/>
        <line num="10" count="2" type="stmt"/>
        <line num="12" count="2" type="stmt"/>
      </file>
      <file name="TimelineArray.js" path="/Users/taylormorgan/Documents/Projects/scratch/react-resume/src/components/TimelineLayout/TimelineArray.js">
        <metrics statements="47" coveredstatements="44" conditionals="40" coveredconditionals="37" methods="20" coveredmethods="19"/>
        <line num="5" count="13" type="stmt"/>
        <line num="6" count="13" type="stmt"/>
        <line num="12" count="64" type="stmt"/>
        <line num="16" count="0" type="stmt"/>
        <line num="20" count="3" type="cond" truecount="3" falsecount="1"/>
        <line num="21" count="0" type="stmt"/>
        <line num="23" count="3" type="stmt"/>
        <line num="27" count="70" type="stmt"/>
        <line num="28" count="70" type="stmt"/>
        <line num="32" count="70" type="cond" truecount="4" falsecount="0"/>
        <line num="33" count="18" type="stmt"/>
        <line num="38" count="70" type="cond" truecount="4" falsecount="0"/>
        <line num="39" count="27" type="stmt"/>
        <line num="44" count="96" type="cond" truecount="4" falsecount="0"/>
        <line num="45" count="84" type="cond" truecount="3" falsecount="1"/>
        <line num="46" count="84" type="cond" truecount="4" falsecount="0"/>
        <line num="47" count="81" type="stmt"/>
        <line num="51" count="34" type="stmt"/>
        <line num="52" count="34" type="stmt"/>
        <line num="53" count="96" type="cond" truecount="2" falsecount="0"/>
        <line num="61" count="15" type="stmt"/>
        <line num="64" count="34" type="stmt"/>
        <line num="67" count="13" type="stmt"/>
        <line num="68" count="34" type="stmt"/>
        <line num="72" count="34" type="stmt"/>
        <line num="73" count="40" type="cond" truecount="2" falsecount="0"/>
        <line num="74" count="14" type="stmt"/>
        <line num="77" count="20" type="stmt"/>
        <line num="80" count="13" type="stmt"/>
        <line num="83" count="2" type="cond" truecount="1" falsecount="0"/>
        <line num="84" count="1" type="cond" truecount="1" falsecount="0"/>
        <line num="85" count="1" type="cond" truecount="1" falsecount="0"/>
        <line num="86" count="1" type="cond" truecount="1" falsecount="0"/>
        <line num="87" count="1" type="cond" truecount="1" falsecount="0"/>
        <line num="90" count="16" type="cond" truecount="1" falsecount="1"/>
        <line num="91" count="0" type="stmt"/>
        <line num="93" count="16" type="stmt"/>
        <line num="94" count="16" type="stmt"/>
        <line num="95" count="40" type="stmt"/>
        <line num="96" count="39" type="stmt"/>
        <line num="97" count="38" type="cond" truecount="4" falsecount="0"/>
        <line num="98" count="3" type="stmt"/>
        <line num="100" count="35" type="stmt"/>
        <line num="101" count="35" type="stmt"/>
        <line num="102" count="35" type="stmt"/>
        <line num="120" count="34" type="stmt"/>
        <line num="121" count="12" type="stmt"/>
      </file>
      <file name="TimelineAxis.js" path="/Users/taylormorgan/Documents/Projects/scratch/react-resume/src/components/TimelineLayout/TimelineAxis.js">
        <metrics statements="14" coveredstatements="14" conditionals="0" coveredconditionals="0" methods="3" coveredmethods="3"/>
        <line num="5" count="2" type="stmt"/>
        <line num="6" count="4" type="stmt"/>
        <line num="7" count="4" type="stmt"/>
        <line num="8" count="4" type="stmt"/>
        <line num="9" count="4" type="stmt"/>
        <line num="11" count="4" type="stmt"/>
        <line num="12" count="2" type="stmt"/>
        <line num="13" count="2" type="stmt"/>
        <line num="14" count="2" type="stmt"/>
        <line num="15" count="2" type="stmt"/>
        <line num="16" count="19" type="stmt"/>
        <line num="18" count="2" type="stmt"/>
        <line num="21" count="4" type="stmt"/>
        <line num="51" count="20" type="stmt"/>
      </file>
      <file name="TimelineConfigStore.js" path="/Users/taylormorgan/Documents/Projects/scratch/react-resume/src/components/TimelineLayout/TimelineConfigStore.js">
        <metrics statements="4" coveredstatements="4" conditionals="2" coveredconditionals="1" methods="1" coveredmethods="1"/>
        <line num="1" count="3" type="stmt"/>
        <line num="14" count="3" type="stmt"/>
        <line num="15" count="5" type="cond" truecount="1" falsecount="1"/>
        <line num="16" count="5" type="stmt"/>
      </file>
      <file name="TimelineItems.js" path="/Users/taylormorgan/Documents/Projects/scratch/react-resume/src/components/TimelineLayout/TimelineItems.js">
        <metrics statements="75" coveredstatements="50" conditionals="34" coveredconditionals="10" methods="29" coveredmethods="24"/>
        <line num="18" count="2" type="stmt"/>
        <line num="19" count="0" type="stmt"/>
        <line num="29" count="2" type="stmt"/>
        <line num="30" count="2" type="stmt"/>
        <line num="31" count="2" type="stmt"/>
        <line num="32" count="2" type="stmt"/>
        <line num="35" count="2" type="stmt"/>
        <line num="36" count="2" type="stmt"/>
        <line num="37" count="2" type="stmt"/>
        <line num="38" count="2" type="stmt"/>
        <line num="43" count="2" type="stmt"/>
        <line num="45" count="12" type="stmt"/>
        <line num="50" count="2" type="stmt"/>
        <line num="51" count="0" type="cond" truecount="0" falsecount="4"/>
        <line num="53" count="2" type="stmt"/>
        <line num="55" count="12" type="cond" truecount="3" falsecount="1"/>
        <line num="56" count="12" type="stmt"/>
        <line num="58" count="0" type="cond" truecount="0" falsecount="2"/>
        <line num="59" count="0" type="stmt"/>
        <line num="61" count="0" type="cond" truecount="0" falsecount="3"/>
        <line num="69" count="0" type="stmt"/>
        <line num="74" count="2" type="stmt"/>
        <line num="76" count="0" type="stmt"/>
        <line num="77" count="0" type="cond" truecount="0" falsecount="2"/>
        <line num="78" count="0" type="cond" truecount="0" falsecount="2"/>
        <line num="79" count="0" type="cond" truecount="0" falsecount="2"/>
        <line num="82" count="0" type="stmt"/>
        <line num="83" count="0" type="stmt"/>
        <line num="90" count="0" type="stmt"/>
        <line num="91" count="0" type="stmt"/>
        <line num="92" count="0" type="cond" truecount="0" falsecount="2"/>
        <line num="93" count="0" type="stmt"/>
        <line num="94" count="0" type="stmt"/>
        <line num="97" count="0" type="stmt"/>
        <line num="107" count="2" type="stmt"/>
        <line num="108" count="2" type="cond" truecount="1" falsecount="1"/>
        <line num="109" count="0" type="stmt"/>
        <line num="110" count="0" type="cond" truecount="0" falsecount="2"/>
        <line num="111" count="0" type="stmt"/>
        <line num="113" count="0" type="stmt"/>
        <line num="116" count="2" type="stmt"/>
        <line num="117" count="12" type="cond" truecount="1" falsecount="1"/>
        <line num="118" count="0" type="stmt"/>
        <line num="121" count="12" type="stmt"/>
        <line num="123" count="2" type="cond" truecount="1" falsecount="1"/>
        <line num="124" count="0" type="stmt"/>
        <line num="129" count="2" type="stmt"/>
        <line num="130" count="1" type="stmt"/>
        <line num="132" count="7" type="stmt"/>
        <line num="133" count="7" type="stmt"/>
        <line num="134" count="7" type="stmt"/>
        <line num="135" count="7" type="stmt"/>
        <line num="136" count="7" type="cond" truecount="2" falsecount="0"/>
        <line num="139" count="3" type="stmt"/>
        <line num="140" count="3" type="stmt"/>
        <line num="141" count="3" type="stmt"/>
        <line num="142" count="3" type="stmt"/>
        <line num="143" count="3" type="stmt"/>
        <line num="146" count="2" type="stmt"/>
        <line num="147" count="2" type="stmt"/>
        <line num="148" count="2" type="stmt"/>
        <line num="149" count="2" type="stmt"/>
        <line num="150" count="2" type="stmt"/>
        <line num="154" count="2" type="stmt"/>
        <line num="156" count="1" type="stmt"/>
        <line num="157" count="1" type="stmt"/>
        <line num="162" count="1" type="cond" truecount="1" falsecount="1"/>
        <line num="163" count="1" type="stmt"/>
        <line num="164" count="1" type="stmt"/>
        <line num="168" count="1" type="stmt"/>
        <line num="172" count="1" type="stmt"/>
        <line num="183" count="2" type="stmt"/>
        <line num="184" count="0" type="stmt"/>
        <line num="187" count="2" type="stmt"/>
        <line num="188" count="24" type="stmt"/>
      </file>
      <file name="TimelineRange.js" path="/Users/taylormorgan/Documents/Projects/scratch/react-resume/src/components/TimelineLayout/TimelineRange.js">
        <metrics statements="20" coveredstatements="19" conditionals="12" coveredconditionals="10" methods="3" coveredmethods="2"/>
        <line num="6" count="3" type="stmt"/>
        <line num="15" count="25" type="stmt"/>
        <line num="16" count="25" type="stmt"/>
        <line num="17" count="25" type="stmt"/>
        <line num="19" count="25" type="stmt"/>
        <line num="20" count="0" type="stmt"/>
        <line num="23" count="25" type="stmt"/>
        <line num="24" count="13" type="cond" truecount="2" falsecount="0"/>
        <line num="25" count="12" type="stmt"/>
        <line num="29" count="25" type="cond" truecount="2" falsecount="0"/>
        <line num="30" count="1" type="stmt"/>
        <line num="32" count="24" type="cond" truecount="2" falsecount="0"/>
        <line num="35" count="24" type="cond" truecount="1" falsecount="1"/>
        <line num="36" count="24" type="cond" truecount="1" falsecount="1"/>
        <line num="37" count="24" type="stmt"/>
        <line num="38" count="24" type="stmt"/>
        <line num="39" count="24" type="cond" truecount="2" falsecount="0"/>
        <line num="40" count="24" type="stmt"/>
        <line num="41" count="24" type="stmt"/>
        <line num="43" count="24" type="stmt"/>
      </file>
      <file name="TimelineStyles.js" path="/Users/taylormorgan/Documents/Projects/scratch/react-resume/src/components/TimelineLayout/TimelineStyles.js">
        <metrics statements="9" coveredstatements="9" conditionals="8" coveredconditionals="4" methods="8" coveredmethods="8"/>
        <line num="3" count="3" type="stmt"/>
        <line num="4" count="2" type="stmt"/>
        <line num="18" count="29" type="stmt"/>
        <line num="24" count="29" type="stmt"/>
        <line num="37" count="29" type="stmt"/>
        <line num="43" count="29" type="stmt"/>
        <line num="47" count="29" type="stmt"/>
        <line num="52" count="29" type="stmt"/>
        <line num="57" count="29" type="stmt"/>
      </file>
      <file name="WithTimelineProviders.js" path="/Users/taylormorgan/Documents/Projects/scratch/react-resume/src/components/TimelineLayout/WithTimelineProviders.js">
        <metrics statements="8" coveredstatements="8" conditionals="3" coveredconditionals="3" methods="2" coveredmethods="2"/>
        <line num="11" count="3" type="stmt"/>
        <line num="15" count="10" type="stmt"/>
        <line num="20" count="10" type="stmt"/>
        <line num="21" count="74" type="cond" truecount="2" falsecount="0"/>
        <line num="22" count="26" type="stmt"/>
        <line num="25" count="48" type="stmt"/>
        <line num="26" count="48" type="stmt"/>
        <line num="33" count="10" type="stmt"/>
      </file>
    </package>
    <package name="src.util">
      <metrics statements="11" coveredstatements="10" conditionals="8" coveredconditionals="3" methods="6" coveredmethods="5"/>
      <file name="helpers.js" path="/Users/taylormorgan/Documents/Projects/scratch/react-resume/src/util/helpers.js">
        <metrics statements="11" coveredstatements="10" conditionals="8" coveredconditionals="3" methods="6" coveredmethods="5"/>
        <line num="1" count="6" type="stmt"/>
        <line num="2" count="111" type="stmt"/>
        <line num="3" count="928" type="stmt"/>
        <line num="5" count="356" type="cond" truecount="1" falsecount="1"/>
        <line num="6" count="356" type="stmt"/>
        <line num="8" count="356" type="stmt"/>
        <line num="12" count="6" type="stmt"/>
        <line num="13" count="2" type="stmt"/>
        <line num="15" count="73" type="cond" truecount="2" falsecount="0"/>
        <line num="17" count="6" type="stmt"/>
        <line num="18" count="0" type="stmt"/>
      </file>
    </package>
  </project>
</coverage>
