{"/Users/taylormorgan/Documents/Projects/scratch/react-resume/src/App.js": {"path":"/Users/taylormorgan/Documents/Projects/scratch/react-resume/src/App.js","statementMap":{"0":{"start":{"line":6,"column":12},"end":{"line":14,"column":1}},"1":{"start":{"line":7,"column":2},"end":{"line":13,"column":4}}},"fnMap":{"0":{"name":"(anonymous_0)","decl":{"start":{"line":6,"column":12},"end":{"line":6,"column":13}},"loc":{"start":{"line":6,"column":18},"end":{"line":14,"column":1}},"line":6}},"branchMap":{},"s":{"0":0,"1":0},"f":{"0":0},"b":{},"hash":"b8692ba7fcbf29aede464760a5e52746f5cff2b7"}
,"/Users/taylormorgan/Documents/Projects/scratch/react-resume/src/Contexts.js": {"path":"/Users/taylormorgan/Documents/Projects/scratch/react-resume/src/Contexts.js","statementMap":{"0":{"start":{"line":3,"column":30},"end":{"line":3,"column":51}},"1":{"start":{"line":4,"column":37},"end":{"line":4,"column":58}},"2":{"start":{"line":5,"column":22},"end":{"line":5,"column":43}},"3":{"start":{"line":6,"column":30},"end":{"line":6,"column":51}},"4":{"start":{"line":7,"column":38},"end":{"line":7,"column":59}}},"fnMap":{},"branchMap":{},"s":{"0":11,"1":11,"2":11,"3":11,"4":11},"f":{},"b":{},"_coverageSchema":"43e27e138ebf9cfc5966b082cf9a028302ed4184","hash":"2cb847a4ea4129dd22cd7eb643efe8d65b51c24a"}
,"/Users/taylormorgan/Documents/Projects/scratch/react-resume/src/DisplayOptionsStore.js": {"path":"/Users/taylormorgan/Documents/Projects/scratch/react-resume/src/DisplayOptionsStore.js","statementMap":{"0":{"start":{"line":1,"column":42},"end":{"line":5,"column":1}},"1":{"start":{"line":7,"column":37},"end":{"line":18,"column":1}},"2":{"start":{"line":8,"column":2},"end":{"line":17,"column":3}},"3":{"start":{"line":10,"column":6},"end":{"line":10,"column":53}},"4":{"start":{"line":12,"column":6},"end":{"line":12,"column":59}},"5":{"start":{"line":14,"column":6},"end":{"line":14,"column":45}},"6":{"start":{"line":16,"column":6},"end":{"line":16,"column":24}}},"fnMap":{"0":{"name":"(anonymous_0)","decl":{"start":{"line":7,"column":37},"end":{"line":7,"column":38}},"loc":{"start":{"line":7,"column":56},"end":{"line":18,"column":1}},"line":7}},"branchMap":{"0":{"loc":{"start":{"line":8,"column":2},"end":{"line":17,"column":3}},"type":"switch","locations":[{"start":{"line":9,"column":4},"end":{"line":10,"column":53}},{"start":{"line":11,"column":4},"end":{"line":12,"column":59}},{"start":{"line":13,"column":4},"end":{"line":14,"column":45}},{"start":{"line":15,"column":4},"end":{"line":16,"column":24}}],"line":8}},"s":{"0":10,"1":10,"2":7,"3":1,"4":3,"5":3,"6":0},"f":{"0":7},"b":{"0":[1,3,3,0]},"_coverageSchema":"43e27e138ebf9cfc5966b082cf9a028302ed4184","hash":"508db390de46e477a4f42c2dfeaa2633cdf89771"}
,"/Users/taylormorgan/Documents/Projects/scratch/react-resume/src/WithProviders.js": {"path":"/Users/taylormorgan/Documents/Projects/scratch/react-resume/src/WithProviders.js","statementMap":{"0":{"start":{"line":14,"column":22},"end":{"line":39,"column":1}},"1":{"start":{"line":18,"column":62},"end":{"line":21,"column":3}},"2":{"start":{"line":23,"column":24},"end":{"line":25,"column":4}},"3":{"start":{"line":27,"column":2},"end":{"line":38,"column":4}}},"fnMap":{"0":{"name":"(anonymous_0)","decl":{"start":{"line":14,"column":22},"end":{"line":14,"column":23}},"loc":{"start":{"line":17,"column":6},"end":{"line":39,"column":1}},"line":17}},"branchMap":{"0":{"loc":{"start":{"line":15,"column":2},"end":{"line":15,"column":57}},"type":"default-arg","locations":[{"start":{"line":15,"column":31},"end":{"line":15,"column":57}}],"line":15},"1":{"loc":{"start":{"line":24,"column":10},"end":{"line":24,"column":53}},"type":"cond-expr","locations":[{"start":{"line":24,"column":37},"end":{"line":24,"column":43}},{"start":{"line":24,"column":46},"end":{"line":24,"column":53}}],"line":24}},"s":{"0":10,"1":67,"2":67,"3":67},"f":{"0":67},"b":{"0":[62],"1":[60,7]},"_coverageSchema":"43e27e138ebf9cfc5966b082cf9a028302ed4184","hash":"54827a4ec2fe5aeb3ea9a858c2a236605e2d4c6a"}
,"/Users/taylormorgan/Documents/Projects/scratch/react-resume/src/index.js": {"path":"/Users/taylormorgan/Documents/Projects/scratch/react-resume/src/index.js","statementMap":{"0":{"start":{"line":6,"column":20},"end":{"line":6,"column":51}},"1":{"start":{"line":7,"column":0},"end":{"line":12,"column":2}}},"fnMap":{},"branchMap":{},"s":{"0":0,"1":0},"f":{},"b":{},"hash":"0a3640d963b6b56d57141a298650b402ea2bbe6a"}
,"/Users/taylormorgan/Documents/Projects/scratch/react-resume/src/theme.js": {"path":"/Users/taylormorgan/Documents/Projects/scratch/react-resume/src/theme.js","statementMap":{"0":{"start":{"line":2,"column":14},"end":{"line":10,"column":4}},"1":{"start":{"line":3,"column":2},"end":{"line":10,"column":4}}},"fnMap":{"0":{"name":"(anonymous_0)","decl":{"start":{"line":2,"column":14},"end":{"line":2,"column":15}},"loc":{"start":{"line":3,"column":2},"end":{"line":10,"column":4}},"line":3}},"branchMap":{"0":{"loc":{"start":{"line":2,"column":17},"end":{"line":2,"column":31}},"type":"default-arg","locations":[{"start":{"line":2,"column":24},"end":{"line":2,"column":31}}],"line":2}},"s":{"0":10,"1":67},"f":{"0":67},"b":{"0":[0]},"_coverageSchema":"43e27e138ebf9cfc5966b082cf9a028302ed4184","hash":"aabf18004fda1ae4cb6c359b30e8439f37b53fd9"}
,"/Users/taylormorgan/Documents/Projects/scratch/react-resume/src/components/DisplayOptions.js": {"path":"/Users/taylormorgan/Documents/Projects/scratch/react-resume/src/components/DisplayOptions.js","statementMap":{"0":{"start":{"line":15,"column":18},"end":{"line":27,"column":3}},"1":{"start":{"line":15,"column":41},"end":{"line":27,"column":1}},"2":{"start":{"line":29,"column":23},"end":{"line":84,"column":1}},"3":{"start":{"line":30,"column":18},"end":{"line":30,"column":29}},"4":{"start":{"line":31,"column":25},"end":{"line":31,"column":58}},"5":{"start":{"line":32,"column":32},"end":{"line":32,"column":72}},"6":{"start":{"line":34,"column":2},"end":{"line":83,"column":4}},"7":{"start":{"line":44,"column":23},"end":{"line":44,"column":72}},"8":{"start":{"line":57,"column":23},"end":{"line":57,"column":68}},"9":{"start":{"line":74,"column":25},"end":{"line":74,"column":77}}},"fnMap":{"0":{"name":"(anonymous_0)","decl":{"start":{"line":15,"column":29},"end":{"line":15,"column":30}},"loc":{"start":{"line":15,"column":41},"end":{"line":27,"column":1}},"line":15},"1":{"name":"(anonymous_1)","decl":{"start":{"line":29,"column":23},"end":{"line":29,"column":24}},"loc":{"start":{"line":29,"column":29},"end":{"line":84,"column":1}},"line":29},"2":{"name":"(anonymous_2)","decl":{"start":{"line":44,"column":17},"end":{"line":44,"column":18}},"loc":{"start":{"line":44,"column":23},"end":{"line":44,"column":72}},"line":44},"3":{"name":"(anonymous_3)","decl":{"start":{"line":57,"column":17},"end":{"line":57,"column":18}},"loc":{"start":{"line":57,"column":23},"end":{"line":57,"column":68}},"line":57},"4":{"name":"(anonymous_4)","decl":{"start":{"line":74,"column":19},"end":{"line":74,"column":20}},"loc":{"start":{"line":74,"column":25},"end":{"line":74,"column":77}},"line":74}},"branchMap":{"0":{"loc":{"start":{"line":64,"column":7},"end":{"line":81,"column":7}},"type":"binary-expr","locations":[{"start":{"line":64,"column":7},"end":{"line":64,"column":31}},{"start":{"line":65,"column":8},"end":{"line":80,"column":23}}],"line":64}},"s":{"0":2,"1":25,"2":2,"3":25,"4":25,"5":25,"6":25,"7":1,"8":3,"9":3},"f":{"0":25,"1":25,"2":1,"3":3,"4":3},"b":{"0":[25,24]},"_coverageSchema":"43e27e138ebf9cfc5966b082cf9a028302ed4184","hash":"7602f54a7387240929df1747378782e9614e6264"}
,"/Users/taylormorgan/Documents/Projects/scratch/react-resume/src/components/Resume.js": {"path":"/Users/taylormorgan/Documents/Projects/scratch/react-resume/src/components/Resume.js","statementMap":{"0":{"start":{"line":13,"column":15},"end":{"line":36,"column":1}},"1":{"start":{"line":14,"column":25},"end":{"line":14,"column":58}},"2":{"start":{"line":15,"column":2},"end":{"line":35,"column":4}}},"fnMap":{"0":{"name":"(anonymous_0)","decl":{"start":{"line":13,"column":15},"end":{"line":13,"column":16}},"loc":{"start":{"line":13,"column":21},"end":{"line":36,"column":1}},"line":13}},"branchMap":{"0":{"loc":{"start":{"line":19,"column":9},"end":{"line":32,"column":9}},"type":"cond-expr","locations":[{"start":{"line":20,"column":10},"end":{"line":24,"column":16}},{"start":{"line":26,"column":10},"end":{"line":31,"column":16}}],"line":19}},"s":{"0":1,"1":6,"2":6},"f":{"0":6},"b":{"0":[0,6]},"_coverageSchema":"43e27e138ebf9cfc5966b082cf9a028302ed4184","hash":"2c78441c08ba574e1e5d968e470bd964c7f54b83"}
,"/Users/taylormorgan/Documents/Projects/scratch/react-resume/src/components/StandardLayout/CertificationList.js": {"path":"/Users/taylormorgan/Documents/Projects/scratch/react-resume/src/components/StandardLayout/CertificationList.js","statementMap":{"0":{"start":{"line":7,"column":26},"end":{"line":25,"column":1}},"1":{"start":{"line":8,"column":17},"end":{"line":8,"column":42}},"2":{"start":{"line":10,"column":2},"end":{"line":24,"column":4}},"3":{"start":{"line":14,"column":10},"end":{"line":21,"column":12}}},"fnMap":{"0":{"name":"(anonymous_0)","decl":{"start":{"line":7,"column":26},"end":{"line":7,"column":27}},"loc":{"start":{"line":7,"column":32},"end":{"line":25,"column":1}},"line":7},"1":{"name":"(anonymous_1)","decl":{"start":{"line":13,"column":34},"end":{"line":13,"column":35}},"loc":{"start":{"line":14,"column":10},"end":{"line":21,"column":12}},"line":14}},"branchMap":{"0":{"loc":{"start":{"line":12,"column":7},"end":{"line":22,"column":10}},"type":"binary-expr","locations":[{"start":{"line":12,"column":7},"end":{"line":12,"column":28}},{"start":{"line":13,"column":8},"end":{"line":22,"column":10}}],"line":12}},"s":{"0":2,"1":12,"2":12,"3":21},"f":{"0":12,"1":21},"b":{"0":[12,11]},"_coverageSchema":"43e27e138ebf9cfc5966b082cf9a028302ed4184","hash":"579b5fc7b6917fdf2e4edcfa12fac23d1df7d841"}
,"/Users/taylormorgan/Documents/Projects/scratch/react-resume/src/components/StandardLayout/EducationList.js": {"path":"/Users/taylormorgan/Documents/Projects/scratch/react-resume/src/components/StandardLayout/EducationList.js","statementMap":{"0":{"start":{"line":7,"column":22},"end":{"line":54,"column":1}},"1":{"start":{"line":8,"column":17},"end":{"line":8,"column":42}},"2":{"start":{"line":10,"column":18},"end":{"line":31,"column":3}},"3":{"start":{"line":11,"column":18},"end":{"line":11,"column":20}},"4":{"start":{"line":12,"column":4},"end":{"line":20,"column":5}},"5":{"start":{"line":13,"column":6},"end":{"line":15,"column":8}},"6":{"start":{"line":16,"column":11},"end":{"line":20,"column":5}},"7":{"start":{"line":17,"column":6},"end":{"line":17,"column":50}},"8":{"start":{"line":19,"column":6},"end":{"line":19,"column":43}},"9":{"start":{"line":21,"column":4},"end":{"line":23,"column":5}},"10":{"start":{"line":22,"column":6},"end":{"line":22,"column":64}},"11":{"start":{"line":24,"column":4},"end":{"line":26,"column":5}},"12":{"start":{"line":25,"column":6},"end":{"line":25,"column":68}},"13":{"start":{"line":27,"column":4},"end":{"line":29,"column":5}},"14":{"start":{"line":28,"column":6},"end":{"line":28,"column":59}},"15":{"start":{"line":30,"column":4},"end":{"line":30,"column":17}},"16":{"start":{"line":33,"column":2},"end":{"line":53,"column":4}},"17":{"start":{"line":37,"column":10},"end":{"line":50,"column":12}}},"fnMap":{"0":{"name":"(anonymous_0)","decl":{"start":{"line":7,"column":22},"end":{"line":7,"column":23}},"loc":{"start":{"line":7,"column":28},"end":{"line":54,"column":1}},"line":7},"1":{"name":"(anonymous_1)","decl":{"start":{"line":10,"column":18},"end":{"line":10,"column":19}},"loc":{"start":{"line":10,"column":37},"end":{"line":31,"column":3}},"line":10},"2":{"name":"(anonymous_2)","decl":{"start":{"line":36,"column":29},"end":{"line":36,"column":30}},"loc":{"start":{"line":37,"column":10},"end":{"line":50,"column":12}},"line":37}},"branchMap":{"0":{"loc":{"start":{"line":12,"column":4},"end":{"line":20,"column":5}},"type":"if","locations":[{"start":{"line":12,"column":4},"end":{"line":20,"column":5}},{"start":{"line":12,"column":4},"end":{"line":20,"column":5}}],"line":12},"1":{"loc":{"start":{"line":12,"column":8},"end":{"line":12,"column":67}},"type":"binary-expr","locations":[{"start":{"line":12,"column":8},"end":{"line":12,"column":39}},{"start":{"line":12,"column":43},"end":{"line":12,"column":67}}],"line":12},"2":{"loc":{"start":{"line":16,"column":11},"end":{"line":20,"column":5}},"type":"if","locations":[{"start":{"line":16,"column":11},"end":{"line":20,"column":5}},{"start":{"line":16,"column":11},"end":{"line":20,"column":5}}],"line":16},"3":{"loc":{"start":{"line":21,"column":4},"end":{"line":23,"column":5}},"type":"if","locations":[{"start":{"line":21,"column":4},"end":{"line":23,"column":5}},{"start":{"line":21,"column":4},"end":{"line":23,"column":5}}],"line":21},"4":{"loc":{"start":{"line":24,"column":4},"end":{"line":26,"column":5}},"type":"if","locations":[{"start":{"line":24,"column":4},"end":{"line":26,"column":5}},{"start":{"line":24,"column":4},"end":{"line":26,"column":5}}],"line":24},"5":{"loc":{"start":{"line":27,"column":4},"end":{"line":29,"column":5}},"type":"if","locations":[{"start":{"line":27,"column":4},"end":{"line":29,"column":5}},{"start":{"line":27,"column":4},"end":{"line":29,"column":5}}],"line":27},"6":{"loc":{"start":{"line":35,"column":7},"end":{"line":51,"column":10}},"type":"binary-expr","locations":[{"start":{"line":35,"column":7},"end":{"line":35,"column":23}},{"start":{"line":36,"column":8},"end":{"line":51,"column":10}}],"line":35}},"s":{"0":2,"1":19,"2":19,"3":37,"4":37,"5":32,"6":5,"7":0,"8":5,"9":37,"10":32,"11":37,"12":26,"13":37,"14":32,"15":37,"16":19,"17":37},"f":{"0":19,"1":37,"2":37},"b":{"0":[32,5],"1":[37,32],"2":[0,5],"3":[32,5],"4":[26,11],"5":[32,5],"6":[19,18]},"_coverageSchema":"43e27e138ebf9cfc5966b082cf9a028302ed4184","hash":"fc90d5a9de0c0f5969836f3134b3cfce3db5fd55"}
,"/Users/taylormorgan/Documents/Projects/scratch/react-resume/src/components/StandardLayout/ExperienceList.js": {"path":"/Users/taylormorgan/Documents/Projects/scratch/react-resume/src/components/StandardLayout/ExperienceList.js","statementMap":{"0":{"start":{"line":7,"column":23},"end":{"line":31,"column":1}},"1":{"start":{"line":8,"column":17},"end":{"line":8,"column":42}},"2":{"start":{"line":10,"column":2},"end":{"line":30,"column":4}},"3":{"start":{"line":14,"column":10},"end":{"line":27,"column":12}}},"fnMap":{"0":{"name":"(anonymous_0)","decl":{"start":{"line":7,"column":23},"end":{"line":7,"column":24}},"loc":{"start":{"line":7,"column":29},"end":{"line":31,"column":1}},"line":7},"1":{"name":"(anonymous_1)","decl":{"start":{"line":13,"column":30},"end":{"line":13,"column":31}},"loc":{"start":{"line":14,"column":10},"end":{"line":27,"column":12}},"line":14}},"branchMap":{"0":{"loc":{"start":{"line":12,"column":7},"end":{"line":28,"column":10}},"type":"binary-expr","locations":[{"start":{"line":12,"column":7},"end":{"line":12,"column":24}},{"start":{"line":13,"column":8},"end":{"line":28,"column":10}}],"line":12}},"s":{"0":2,"1":13,"2":13,"3":53},"f":{"0":13,"1":53},"b":{"0":[13,12]},"_coverageSchema":"43e27e138ebf9cfc5966b082cf9a028302ed4184","hash":"09ba08b9ec366ed3796b3d9e99392e2c63829837"}
,"/Users/taylormorgan/Documents/Projects/scratch/react-resume/src/components/StandardLayout/Overview.js": {"path":"/Users/taylormorgan/Documents/Projects/scratch/react-resume/src/components/StandardLayout/Overview.js","statementMap":{"0":{"start":{"line":6,"column":17},"end":{"line":21,"column":1}},"1":{"start":{"line":7,"column":17},"end":{"line":7,"column":42}},"2":{"start":{"line":8,"column":18},"end":{"line":8,"column":33}},"3":{"start":{"line":10,"column":2},"end":{"line":20,"column":4}}},"fnMap":{"0":{"name":"(anonymous_0)","decl":{"start":{"line":6,"column":17},"end":{"line":6,"column":18}},"loc":{"start":{"line":6,"column":23},"end":{"line":21,"column":1}},"line":6}},"branchMap":{},"s":{"0":2,"1":9,"2":9,"3":9},"f":{"0":9},"b":{},"_coverageSchema":"43e27e138ebf9cfc5966b082cf9a028302ed4184","hash":"5da6e74110b639ebe13115012b8fc05a39fe0b1a"}
,"/Users/taylormorgan/Documents/Projects/scratch/react-resume/src/components/StandardLayout/ResumeSection.js": {"path":"/Users/taylormorgan/Documents/Projects/scratch/react-resume/src/components/StandardLayout/ResumeSection.js","statementMap":{"0":{"start":{"line":7,"column":22},"end":{"line":28,"column":1}},"1":{"start":{"line":8,"column":34},"end":{"line":8,"column":48}},"2":{"start":{"line":9,"column":25},"end":{"line":9,"column":58}},"3":{"start":{"line":10,"column":18},"end":{"line":10,"column":46}},"4":{"start":{"line":12,"column":23},"end":{"line":14,"column":3}},"5":{"start":{"line":13,"column":4},"end":{"line":13,"column":27}},"6":{"start":{"line":16,"column":2},"end":{"line":18,"column":35}},"7":{"start":{"line":17,"column":4},"end":{"line":17,"column":44}},"8":{"start":{"line":20,"column":2},"end":{"line":27,"column":4}}},"fnMap":{"0":{"name":"(anonymous_0)","decl":{"start":{"line":7,"column":22},"end":{"line":7,"column":23}},"loc":{"start":{"line":7,"column":58},"end":{"line":28,"column":1}},"line":7},"1":{"name":"(anonymous_1)","decl":{"start":{"line":12,"column":23},"end":{"line":12,"column":24}},"loc":{"start":{"line":12,"column":29},"end":{"line":14,"column":3}},"line":12},"2":{"name":"(anonymous_2)","decl":{"start":{"line":16,"column":12},"end":{"line":16,"column":13}},"loc":{"start":{"line":16,"column":18},"end":{"line":18,"column":3}},"line":16}},"branchMap":{"0":{"loc":{"start":{"line":25,"column":7},"end":{"line":25,"column":52}},"type":"binary-expr","locations":[{"start":{"line":25,"column":7},"end":{"line":25,"column":15}},{"start":{"line":25,"column":19},"end":{"line":25,"column":52}}],"line":25}},"s":{"0":5,"1":99,"2":99,"3":99,"4":99,"5":2,"6":99,"7":49,"8":99},"f":{"0":99,"1":2,"2":49},"b":{"0":[99,89]},"_coverageSchema":"43e27e138ebf9cfc5966b082cf9a028302ed4184","hash":"f65e88d752e085d2dd7e50b678ce6d6fd2c1bef4"}
,"/Users/taylormorgan/Documents/Projects/scratch/react-resume/src/components/StandardLayout/ResumeCard/CardBulletList.js": {"path":"/Users/taylormorgan/Documents/Projects/scratch/react-resume/src/components/StandardLayout/ResumeCard/CardBulletList.js","statementMap":{"0":{"start":{"line":6,"column":18},"end":{"line":12,"column":2}},"1":{"start":{"line":7,"column":2},"end":{"line":11,"column":4}},"2":{"start":{"line":14,"column":23},"end":{"line":34,"column":1}},"3":{"start":{"line":15,"column":18},"end":{"line":15,"column":29}},"4":{"start":{"line":17,"column":2},"end":{"line":19,"column":3}},"5":{"start":{"line":18,"column":4},"end":{"line":18,"column":16}},"6":{"start":{"line":21,"column":2},"end":{"line":33,"column":4}},"7":{"start":{"line":25,"column":10},"end":{"line":30,"column":21}}},"fnMap":{"0":{"name":"(anonymous_0)","decl":{"start":{"line":6,"column":29},"end":{"line":6,"column":30}},"loc":{"start":{"line":6,"column":40},"end":{"line":12,"column":1}},"line":6},"1":{"name":"(anonymous_1)","decl":{"start":{"line":14,"column":23},"end":{"line":14,"column":24}},"loc":{"start":{"line":14,"column":40},"end":{"line":34,"column":1}},"line":14},"2":{"name":"(anonymous_2)","decl":{"start":{"line":24,"column":20},"end":{"line":24,"column":21}},"loc":{"start":{"line":25,"column":10},"end":{"line":30,"column":21}},"line":25}},"branchMap":{"0":{"loc":{"start":{"line":17,"column":2},"end":{"line":19,"column":3}},"type":"if","locations":[{"start":{"line":17,"column":2},"end":{"line":19,"column":3}},{"start":{"line":17,"column":2},"end":{"line":19,"column":3}}],"line":17},"1":{"loc":{"start":{"line":17,"column":6},"end":{"line":17,"column":38}},"type":"binary-expr","locations":[{"start":{"line":17,"column":6},"end":{"line":17,"column":14}},{"start":{"line":17,"column":18},"end":{"line":17,"column":38}}],"line":17},"2":{"loc":{"start":{"line":23,"column":7},"end":{"line":31,"column":10}},"type":"binary-expr","locations":[{"start":{"line":23,"column":7},"end":{"line":23,"column":14}},{"start":{"line":24,"column":8},"end":{"line":31,"column":10}}],"line":23}},"s":{"0":7,"1":42,"2":7,"3":126,"4":126,"5":8,"6":118,"7":535},"f":{"0":42,"1":126,"2":535},"b":{"0":[8,118],"1":[126,119],"2":[118,118]},"_coverageSchema":"43e27e138ebf9cfc5966b082cf9a028302ed4184","hash":"1a963d44f7492d7024c4f915430bcbc242fc9e3c"}
,"/Users/taylormorgan/Documents/Projects/scratch/react-resume/src/components/StandardLayout/ResumeCard/CardMetaList.js": {"path":"/Users/taylormorgan/Documents/Projects/scratch/react-resume/src/components/StandardLayout/ResumeCard/CardMetaList.js","statementMap":{"0":{"start":{"line":4,"column":21},"end":{"line":20,"column":1}},"1":{"start":{"line":5,"column":18},"end":{"line":5,"column":33}},"2":{"start":{"line":7,"column":2},"end":{"line":9,"column":3}},"3":{"start":{"line":8,"column":4},"end":{"line":8,"column":16}},"4":{"start":{"line":11,"column":2},"end":{"line":19,"column":4}},"5":{"start":{"line":14,"column":8},"end":{"line":16,"column":15}}},"fnMap":{"0":{"name":"(anonymous_0)","decl":{"start":{"line":4,"column":21},"end":{"line":4,"column":22}},"loc":{"start":{"line":4,"column":36},"end":{"line":20,"column":1}},"line":4},"1":{"name":"(anonymous_1)","decl":{"start":{"line":13,"column":30},"end":{"line":13,"column":31}},"loc":{"start":{"line":14,"column":8},"end":{"line":16,"column":15}},"line":14}},"branchMap":{"0":{"loc":{"start":{"line":7,"column":2},"end":{"line":9,"column":3}},"type":"if","locations":[{"start":{"line":7,"column":2},"end":{"line":9,"column":3}},{"start":{"line":7,"column":2},"end":{"line":9,"column":3}}],"line":7},"1":{"loc":{"start":{"line":7,"column":6},"end":{"line":7,"column":42}},"type":"binary-expr","locations":[{"start":{"line":7,"column":6},"end":{"line":7,"column":12}},{"start":{"line":7,"column":16},"end":{"line":7,"column":42}}],"line":7}},"s":{"0":7,"1":126,"2":126,"3":19,"4":107,"5":361},"f":{"0":126,"1":361},"b":{"0":[19,107],"1":[126,115]},"_coverageSchema":"43e27e138ebf9cfc5966b082cf9a028302ed4184","hash":"d65f9c60b5d6c56cf3e613e8135501a56157f9af"}
,"/Users/taylormorgan/Documents/Projects/scratch/react-resume/src/components/StandardLayout/ResumeCard/CardStyles.js": {"path":"/Users/taylormorgan/Documents/Projects/scratch/react-resume/src/components/StandardLayout/ResumeCard/CardStyles.js","statementMap":{"0":{"start":{"line":3,"column":29},"end":{"line":36,"column":2}},"1":{"start":{"line":4,"column":2},"end":{"line":35,"column":4}},"2":{"start":{"line":5,"column":31},"end":{"line":8,"column":5}}},"fnMap":{"0":{"name":"(anonymous_0)","decl":{"start":{"line":3,"column":40},"end":{"line":3,"column":41}},"loc":{"start":{"line":3,"column":51},"end":{"line":36,"column":1}},"line":3},"1":{"name":"(anonymous_1)","decl":{"start":{"line":5,"column":19},"end":{"line":5,"column":20}},"loc":{"start":{"line":5,"column":31},"end":{"line":8,"column":5}},"line":5}},"branchMap":{},"s":{"0":9,"1":53,"2":356},"f":{"0":53,"1":356},"b":{},"_coverageSchema":"43e27e138ebf9cfc5966b082cf9a028302ed4184","hash":"f6d039e0634241318190fb1ca91f869a1cef9c61"}
,"/Users/taylormorgan/Documents/Projects/scratch/react-resume/src/components/StandardLayout/ResumeCard/DateRange.js": {"path":"/Users/taylormorgan/Documents/Projects/scratch/react-resume/src/components/StandardLayout/ResumeCard/DateRange.js","statementMap":{"0":{"start":{"line":4,"column":18},"end":{"line":20,"column":1}},"1":{"start":{"line":5,"column":2},"end":{"line":7,"column":3}},"2":{"start":{"line":6,"column":4},"end":{"line":6,"column":14}},"3":{"start":{"line":8,"column":24},"end":{"line":8,"column":78}},"4":{"start":{"line":9,"column":2},"end":{"line":19,"column":4}}},"fnMap":{"0":{"name":"(anonymous_0)","decl":{"start":{"line":4,"column":18},"end":{"line":4,"column":19}},"loc":{"start":{"line":4,"column":57},"end":{"line":20,"column":1}},"line":4}},"branchMap":{"0":{"loc":{"start":{"line":4,"column":31},"end":{"line":4,"column":50}},"type":"default-arg","locations":[{"start":{"line":4,"column":40},"end":{"line":4,"column":50}}],"line":4},"1":{"loc":{"start":{"line":5,"column":2},"end":{"line":7,"column":3}},"type":"if","locations":[{"start":{"line":5,"column":2},"end":{"line":7,"column":3}},{"start":{"line":5,"column":2},"end":{"line":7,"column":3}}],"line":5},"2":{"loc":{"start":{"line":8,"column":24},"end":{"line":8,"column":78}},"type":"cond-expr","locations":[{"start":{"line":8,"column":29},"end":{"line":8,"column":66}},{"start":{"line":8,"column":69},"end":{"line":8,"column":78}}],"line":8},"3":{"loc":{"start":{"line":11,"column":7},"end":{"line":17,"column":7}},"type":"cond-expr","locations":[{"start":{"line":12,"column":8},"end":{"line":12,"column":21}},{"start":{"line":14,"column":8},"end":{"line":16,"column":11}}],"line":11}},"s":{"0":7,"1":132,"2":21,"3":111,"4":111},"f":{"0":132},"b":{"0":[131],"1":[21,111],"2":[99,12],"3":[53,58]},"_coverageSchema":"43e27e138ebf9cfc5966b082cf9a028302ed4184","hash":"1f47a2252a82adfe805e44d66a87ad8030720026"}
,"/Users/taylormorgan/Documents/Projects/scratch/react-resume/src/components/StandardLayout/ResumeCard/ResumeCard.js": {"path":"/Users/taylormorgan/Documents/Projects/scratch/react-resume/src/components/StandardLayout/ResumeCard/ResumeCard.js","statementMap":{"0":{"start":{"line":11,"column":19},"end":{"line":39,"column":1}},"1":{"start":{"line":12,"column":25},"end":{"line":12,"column":58}},"2":{"start":{"line":13,"column":34},"end":{"line":13,"column":70}},"3":{"start":{"line":14,"column":18},"end":{"line":14,"column":33}},"4":{"start":{"line":16,"column":23},"end":{"line":18,"column":3}},"5":{"start":{"line":17,"column":4},"end":{"line":17,"column":27}},"6":{"start":{"line":20,"column":2},"end":{"line":22,"column":35}},"7":{"start":{"line":21,"column":4},"end":{"line":21,"column":44}},"8":{"start":{"line":24,"column":2},"end":{"line":38,"column":4}}},"fnMap":{"0":{"name":"(anonymous_0)","decl":{"start":{"line":11,"column":19},"end":{"line":11,"column":20}},"loc":{"start":{"line":11,"column":59},"end":{"line":39,"column":1}},"line":11},"1":{"name":"(anonymous_1)","decl":{"start":{"line":16,"column":23},"end":{"line":16,"column":24}},"loc":{"start":{"line":16,"column":29},"end":{"line":18,"column":3}},"line":16},"2":{"name":"(anonymous_2)","decl":{"start":{"line":20,"column":12},"end":{"line":20,"column":13}},"loc":{"start":{"line":20,"column":18},"end":{"line":22,"column":3}},"line":20}},"branchMap":{},"s":{"0":6,"1":122,"2":122,"3":122,"4":122,"5":0,"6":122,"7":120,"8":122},"f":{"0":122,"1":0,"2":120},"b":{},"_coverageSchema":"43e27e138ebf9cfc5966b082cf9a028302ed4184","hash":"f707bf397bf02122363cf8ebd8e4790b344fb4dc"}
,"/Users/taylormorgan/Documents/Projects/scratch/react-resume/src/components/TimelineLayout/Timeline.js": {"path":"/Users/taylormorgan/Documents/Projects/scratch/react-resume/src/components/TimelineLayout/Timeline.js","statementMap":{"0":{"start":{"line":7,"column":17},"end":{"line":30,"column":1}},"1":{"start":{"line":8,"column":25},"end":{"line":8,"column":58}},"2":{"start":{"line":9,"column":18},"end":{"line":9,"column":51}},"3":{"start":{"line":10,"column":25},"end":{"line":10,"column":58}},"4":{"start":{"line":12,"column":2},"end":{"line":29,"column":4}}},"fnMap":{"0":{"name":"(anonymous_0)","decl":{"start":{"line":7,"column":17},"end":{"line":7,"column":18}},"loc":{"start":{"line":7,"column":23},"end":{"line":30,"column":1}},"line":7}},"branchMap":{},"s":{"0":2,"1":2,"2":2,"3":2,"4":2},"f":{"0":2},"b":{},"_coverageSchema":"43e27e138ebf9cfc5966b082cf9a028302ed4184","hash":"b1f82169f894ac1530b8996457759f30ed14f5f9"}
,"/Users/taylormorgan/Documents/Projects/scratch/react-resume/src/components/TimelineLayout/TimelineArray.js": {"path":"/Users/taylormorgan/Documents/Projects/scratch/react-resume/src/components/TimelineLayout/TimelineArray.js","statementMap":{"0":{"start":{"line":5,"column":4},"end":{"line":5,"column":12}},"1":{"start":{"line":6,"column":4},"end":{"line":6,"column":21}},"2":{"start":{"line":12,"column":4},"end":{"line":12,"column":23}},"3":{"start":{"line":16,"column":4},"end":{"line":16,"column":22}},"4":{"start":{"line":20,"column":4},"end":{"line":22,"column":5}},"5":{"start":{"line":21,"column":6},"end":{"line":21,"column":23}},"6":{"start":{"line":23,"column":4},"end":{"line":23,"column":47}},"7":{"start":{"line":27,"column":4},"end":{"line":27,"column":34}},"8":{"start":{"line":28,"column":4},"end":{"line":28,"column":32}},"9":{"start":{"line":32,"column":4},"end":{"line":34,"column":5}},"10":{"start":{"line":33,"column":6},"end":{"line":33,"column":31}},"11":{"start":{"line":38,"column":4},"end":{"line":40,"column":5}},"12":{"start":{"line":39,"column":6},"end":{"line":39,"column":29}},"13":{"start":{"line":44,"column":4},"end":{"line":44,"column":60}},"14":{"start":{"line":44,"column":48},"end":{"line":44,"column":60}},"15":{"start":{"line":45,"column":4},"end":{"line":45,"column":56}},"16":{"start":{"line":45,"column":44},"end":{"line":45,"column":56}},"17":{"start":{"line":46,"column":4},"end":{"line":46,"column":56}},"18":{"start":{"line":46,"column":44},"end":{"line":46,"column":56}},"19":{"start":{"line":47,"column":4},"end":{"line":47,"column":17}},"20":{"start":{"line":51,"column":18},"end":{"line":51,"column":19}},"21":{"start":{"line":52,"column":4},"end":{"line":63,"column":7}},"22":{"start":{"line":53,"column":6},"end":{"line":62,"column":7}},"23":{"start":{"line":61,"column":8},"end":{"line":61,"column":18}},"24":{"start":{"line":64,"column":4},"end":{"line":64,"column":19}},"25":{"start":{"line":67,"column":15},"end":{"line":69,"column":3}},"26":{"start":{"line":68,"column":4},"end":{"line":68,"column":66}},"27":{"start":{"line":72,"column":4},"end":{"line":76,"column":5}},"28":{"start":{"line":72,"column":17},"end":{"line":72,"column":18}},"29":{"start":{"line":73,"column":6},"end":{"line":75,"column":7}},"30":{"start":{"line":74,"column":8},"end":{"line":74,"column":21}},"31":{"start":{"line":77,"column":4},"end":{"line":77,"column":22}},"32":{"start":{"line":80,"column":25},"end":{"line":122,"column":3}},"33":{"start":{"line":83,"column":33},"end":{"line":83,"column":42}},"34":{"start":{"line":84,"column":35},"end":{"line":84,"column":45}},"35":{"start":{"line":85,"column":41},"end":{"line":85,"column":54}},"36":{"start":{"line":86,"column":33},"end":{"line":86,"column":42}},"37":{"start":{"line":87,"column":29},"end":{"line":87,"column":36}},"38":{"start":{"line":90,"column":4},"end":{"line":92,"column":5}},"39":{"start":{"line":91,"column":6},"end":{"line":91,"column":18}},"40":{"start":{"line":93,"column":25},"end":{"line":93,"column":42}},"41":{"start":{"line":94,"column":19},"end":{"line":119,"column":10}},"42":{"start":{"line":95,"column":28},"end":{"line":95,"column":42}},"43":{"start":{"line":96,"column":26},"end":{"line":96,"column":38}},"44":{"start":{"line":97,"column":6},"end":{"line":99,"column":7}},"45":{"start":{"line":98,"column":8},"end":{"line":98,"column":19}},"46":{"start":{"line":100,"column":6},"end":{"line":100,"column":55}},"47":{"start":{"line":101,"column":6},"end":{"line":101,"column":53}},"48":{"start":{"line":102,"column":6},"end":{"line":118,"column":8}},"49":{"start":{"line":120,"column":4},"end":{"line":120,"column":60}},"50":{"start":{"line":120,"column":34},"end":{"line":120,"column":58}},"51":{"start":{"line":121,"column":4},"end":{"line":121,"column":16}}},"fnMap":{"0":{"name":"(anonymous_0)","decl":{"start":{"line":4,"column":2},"end":{"line":4,"column":3}},"loc":{"start":{"line":4,"column":16},"end":{"line":9,"column":3}},"line":4},"1":{"name":"(anonymous_1)","decl":{"start":{"line":11,"column":2},"end":{"line":11,"column":3}},"loc":{"start":{"line":11,"column":14},"end":{"line":13,"column":3}},"line":11},"2":{"name":"(anonymous_2)","decl":{"start":{"line":15,"column":2},"end":{"line":15,"column":3}},"loc":{"start":{"line":15,"column":17},"end":{"line":17,"column":3}},"line":15},"3":{"name":"(anonymous_3)","decl":{"start":{"line":19,"column":2},"end":{"line":19,"column":3}},"loc":{"start":{"line":19,"column":13},"end":{"line":24,"column":3}},"line":19},"4":{"name":"(anonymous_4)","decl":{"start":{"line":26,"column":2},"end":{"line":26,"column":3}},"loc":{"start":{"line":26,"column":37},"end":{"line":29,"column":3}},"line":26},"5":{"name":"(anonymous_5)","decl":{"start":{"line":31,"column":2},"end":{"line":31,"column":3}},"loc":{"start":{"line":31,"column":27},"end":{"line":35,"column":3}},"line":31},"6":{"name":"(anonymous_6)","decl":{"start":{"line":37,"column":2},"end":{"line":37,"column":3}},"loc":{"start":{"line":37,"column":25},"end":{"line":41,"column":3}},"line":37},"7":{"name":"(anonymous_7)","decl":{"start":{"line":43,"column":2},"end":{"line":43,"column":3}},"loc":{"start":{"line":43,"column":53},"end":{"line":48,"column":3}},"line":43},"8":{"name":"(anonymous_8)","decl":{"start":{"line":50,"column":2},"end":{"line":50,"column":3}},"loc":{"start":{"line":50,"column":58},"end":{"line":65,"column":3}},"line":50},"9":{"name":"(anonymous_9)","decl":{"start":{"line":52,"column":50},"end":{"line":52,"column":51}},"loc":{"start":{"line":52,"column":68},"end":{"line":63,"column":5}},"line":52},"10":{"name":"(anonymous_10)","decl":{"start":{"line":67,"column":15},"end":{"line":67,"column":16}},"loc":{"start":{"line":67,"column":25},"end":{"line":69,"column":3}},"line":67},"11":{"name":"(anonymous_11)","decl":{"start":{"line":71,"column":2},"end":{"line":71,"column":3}},"loc":{"start":{"line":71,"column":20},"end":{"line":78,"column":3}},"line":71},"12":{"name":"(anonymous_12)","decl":{"start":{"line":80,"column":25},"end":{"line":80,"column":26}},"loc":{"start":{"line":89,"column":7},"end":{"line":122,"column":3}},"line":89},"13":{"name":"(anonymous_13)","decl":{"start":{"line":83,"column":23},"end":{"line":83,"column":24}},"loc":{"start":{"line":83,"column":33},"end":{"line":83,"column":42}},"line":83},"14":{"name":"(anonymous_14)","decl":{"start":{"line":84,"column":25},"end":{"line":84,"column":26}},"loc":{"start":{"line":84,"column":35},"end":{"line":84,"column":45}},"line":84},"15":{"name":"(anonymous_15)","decl":{"start":{"line":85,"column":31},"end":{"line":85,"column":32}},"loc":{"start":{"line":85,"column":41},"end":{"line":85,"column":54}},"line":85},"16":{"name":"(anonymous_16)","decl":{"start":{"line":86,"column":23},"end":{"line":86,"column":24}},"loc":{"start":{"line":86,"column":33},"end":{"line":86,"column":42}},"line":86},"17":{"name":"(anonymous_17)","decl":{"start":{"line":87,"column":19},"end":{"line":87,"column":20}},"loc":{"start":{"line":87,"column":29},"end":{"line":87,"column":36}},"line":87},"18":{"name":"(anonymous_18)","decl":{"start":{"line":94,"column":40},"end":{"line":94,"column":41}},"loc":{"start":{"line":94,"column":60},"end":{"line":119,"column":5}},"line":94},"19":{"name":"(anonymous_19)","decl":{"start":{"line":120,"column":21},"end":{"line":120,"column":22}},"loc":{"start":{"line":120,"column":34},"end":{"line":120,"column":58}},"line":120}},"branchMap":{"0":{"loc":{"start":{"line":20,"column":4},"end":{"line":22,"column":5}},"type":"if","locations":[{"start":{"line":20,"column":4},"end":{"line":22,"column":5}},{"start":{"line":20,"column":4},"end":{"line":22,"column":5}}],"line":20},"1":{"loc":{"start":{"line":20,"column":8},"end":{"line":20,"column":46}},"type":"binary-expr","locations":[{"start":{"line":20,"column":8},"end":{"line":20,"column":26}},{"start":{"line":20,"column":30},"end":{"line":20,"column":46}}],"line":20},"2":{"loc":{"start":{"line":32,"column":4},"end":{"line":34,"column":5}},"type":"if","locations":[{"start":{"line":32,"column":4},"end":{"line":34,"column":5}},{"start":{"line":32,"column":4},"end":{"line":34,"column":5}}],"line":32},"3":{"loc":{"start":{"line":32,"column":8},"end":{"line":32,"column":54}},"type":"binary-expr","locations":[{"start":{"line":32,"column":8},"end":{"line":32,"column":26}},{"start":{"line":32,"column":30},"end":{"line":32,"column":54}}],"line":32},"4":{"loc":{"start":{"line":38,"column":4},"end":{"line":40,"column":5}},"type":"if","locations":[{"start":{"line":38,"column":4},"end":{"line":40,"column":5}},{"start":{"line":38,"column":4},"end":{"line":40,"column":5}}],"line":38},"5":{"loc":{"start":{"line":38,"column":8},"end":{"line":38,"column":50}},"type":"binary-expr","locations":[{"start":{"line":38,"column":8},"end":{"line":38,"column":24}},{"start":{"line":38,"column":28},"end":{"line":38,"column":50}}],"line":38},"6":{"loc":{"start":{"line":44,"column":4},"end":{"line":44,"column":60}},"type":"if","locations":[{"start":{"line":44,"column":4},"end":{"line":44,"column":60}},{"start":{"line":44,"column":4},"end":{"line":44,"column":60}}],"line":44},"7":{"loc":{"start":{"line":44,"column":8},"end":{"line":44,"column":46}},"type":"binary-expr","locations":[{"start":{"line":44,"column":8},"end":{"line":44,"column":26}},{"start":{"line":44,"column":30},"end":{"line":44,"column":46}}],"line":44},"8":{"loc":{"start":{"line":45,"column":4},"end":{"line":45,"column":56}},"type":"if","locations":[{"start":{"line":45,"column":4},"end":{"line":45,"column":56}},{"start":{"line":45,"column":4},"end":{"line":45,"column":56}}],"line":45},"9":{"loc":{"start":{"line":45,"column":8},"end":{"line":45,"column":42}},"type":"binary-expr","locations":[{"start":{"line":45,"column":8},"end":{"line":45,"column":24}},{"start":{"line":45,"column":28},"end":{"line":45,"column":42}}],"line":45},"10":{"loc":{"start":{"line":46,"column":4},"end":{"line":46,"column":56}},"type":"if","locations":[{"start":{"line":46,"column":4},"end":{"line":46,"column":56}},{"start":{"line":46,"column":4},"end":{"line":46,"column":56}}],"line":46},"11":{"loc":{"start":{"line":46,"column":8},"end":{"line":46,"column":42}},"type":"binary-expr","locations":[{"start":{"line":46,"column":8},"end":{"line":46,"column":25}},{"start":{"line":46,"column":29},"end":{"line":46,"column":42}}],"line":46},"12":{"loc":{"start":{"line":53,"column":6},"end":{"line":62,"column":7}},"type":"if","locations":[{"start":{"line":53,"column":6},"end":{"line":62,"column":7}},{"start":{"line":53,"column":6},"end":{"line":62,"column":7}}],"line":53},"13":{"loc":{"start":{"line":73,"column":6},"end":{"line":75,"column":7}},"type":"if","locations":[{"start":{"line":73,"column":6},"end":{"line":75,"column":7}},{"start":{"line":73,"column":6},"end":{"line":75,"column":7}}],"line":73},"14":{"loc":{"start":{"line":82,"column":4},"end":{"line":88,"column":10}},"type":"default-arg","locations":[{"start":{"line":88,"column":8},"end":{"line":88,"column":10}}],"line":82},"15":{"loc":{"start":{"line":83,"column":12},"end":{"line":83,"column":42}},"type":"default-arg","locations":[{"start":{"line":83,"column":23},"end":{"line":83,"column":42}}],"line":83},"16":{"loc":{"start":{"line":84,"column":13},"end":{"line":84,"column":45}},"type":"default-arg","locations":[{"start":{"line":84,"column":25},"end":{"line":84,"column":45}}],"line":84},"17":{"loc":{"start":{"line":85,"column":16},"end":{"line":85,"column":54}},"type":"default-arg","locations":[{"start":{"line":85,"column":31},"end":{"line":85,"column":54}}],"line":85},"18":{"loc":{"start":{"line":86,"column":12},"end":{"line":86,"column":42}},"type":"default-arg","locations":[{"start":{"line":86,"column":23},"end":{"line":86,"column":42}}],"line":86},"19":{"loc":{"start":{"line":87,"column":10},"end":{"line":87,"column":36}},"type":"default-arg","locations":[{"start":{"line":87,"column":19},"end":{"line":87,"column":36}}],"line":87},"20":{"loc":{"start":{"line":90,"column":4},"end":{"line":92,"column":5}},"type":"if","locations":[{"start":{"line":90,"column":4},"end":{"line":92,"column":5}},{"start":{"line":90,"column":4},"end":{"line":92,"column":5}}],"line":90},"21":{"loc":{"start":{"line":97,"column":6},"end":{"line":99,"column":7}},"type":"if","locations":[{"start":{"line":97,"column":6},"end":{"line":99,"column":7}},{"start":{"line":97,"column":6},"end":{"line":99,"column":7}}],"line":97},"22":{"loc":{"start":{"line":97,"column":10},"end":{"line":97,"column":66}},"type":"binary-expr","locations":[{"start":{"line":97,"column":10},"end":{"line":97,"column":37}},{"start":{"line":97,"column":41},"end":{"line":97,"column":66}}],"line":97}},"s":{"0":13,"1":13,"2":64,"3":0,"4":3,"5":0,"6":3,"7":70,"8":70,"9":70,"10":18,"11":70,"12":27,"13":96,"14":12,"15":84,"16":0,"17":84,"18":3,"19":81,"20":34,"21":34,"22":96,"23":15,"24":34,"25":13,"26":34,"27":34,"28":34,"29":40,"30":14,"31":20,"32":13,"33":2,"34":1,"35":1,"36":1,"37":1,"38":16,"39":0,"40":16,"41":16,"42":40,"43":39,"44":38,"45":3,"46":35,"47":35,"48":35,"49":12,"50":34,"51":12},"f":{"0":13,"1":64,"2":0,"3":3,"4":70,"5":70,"6":70,"7":96,"8":34,"9":96,"10":34,"11":34,"12":16,"13":2,"14":1,"15":1,"16":1,"17":1,"18":40,"19":34},"b":{"0":[0,3],"1":[3,3],"2":[18,52],"3":[70,61],"4":[27,43],"5":[70,61],"6":[12,84],"7":[96,61],"8":[0,84],"9":[84,51],"10":[3,81],"11":[84,35],"12":[15,81],"13":[14,26],"14":[1],"15":[5],"16":[1],"17":[5],"18":[1],"19":[1],"20":[0,16],"21":[3,35],"22":[38,35]},"_coverageSchema":"43e27e138ebf9cfc5966b082cf9a028302ed4184","hash":"80641e2778ecab9fdebb4758761db692fcfe04df"}
,"/Users/taylormorgan/Documents/Projects/scratch/react-resume/src/components/TimelineLayout/TimelineAxis.js": {"path":"/Users/taylormorgan/Documents/Projects/scratch/react-resume/src/components/TimelineLayout/TimelineAxis.js","statementMap":{"0":{"start":{"line":5,"column":21},"end":{"line":65,"column":1}},"1":{"start":{"line":6,"column":25},"end":{"line":6,"column":58}},"2":{"start":{"line":7,"column":25},"end":{"line":7,"column":58}},"3":{"start":{"line":8,"column":18},"end":{"line":8,"column":51}},"4":{"start":{"line":9,"column":44},"end":{"line":9,"column":56}},"5":{"start":{"line":11,"column":2},"end":{"line":19,"column":49}},"6":{"start":{"line":12,"column":22},"end":{"line":12,"column":56}},"7":{"start":{"line":13,"column":20},"end":{"line":13,"column":52}},"8":{"start":{"line":14,"column":16},"end":{"line":14,"column":18}},"9":{"start":{"line":15,"column":4},"end":{"line":17,"column":5}},"10":{"start":{"line":15,"column":17},"end":{"line":15,"column":26}},"11":{"start":{"line":16,"column":6},"end":{"line":16,"column":39}},"12":{"start":{"line":18,"column":4},"end":{"line":18,"column":28}},"13":{"start":{"line":21,"column":2},"end":{"line":64,"column":4}},"14":{"start":{"line":51,"column":10},"end":{"line":60,"column":17}}},"fnMap":{"0":{"name":"(anonymous_0)","decl":{"start":{"line":5,"column":21},"end":{"line":5,"column":22}},"loc":{"start":{"line":5,"column":27},"end":{"line":65,"column":1}},"line":5},"1":{"name":"(anonymous_1)","decl":{"start":{"line":11,"column":10},"end":{"line":11,"column":11}},"loc":{"start":{"line":11,"column":16},"end":{"line":19,"column":3}},"line":11},"2":{"name":"(anonymous_2)","decl":{"start":{"line":50,"column":27},"end":{"line":50,"column":28}},"loc":{"start":{"line":51,"column":10},"end":{"line":60,"column":17}},"line":51}},"branchMap":{},"s":{"0":2,"1":4,"2":4,"3":4,"4":4,"5":4,"6":2,"7":2,"8":2,"9":2,"10":2,"11":19,"12":2,"13":4,"14":20},"f":{"0":4,"1":2,"2":20},"b":{},"_coverageSchema":"43e27e138ebf9cfc5966b082cf9a028302ed4184","hash":"0a3acbd47936f70aa68ef9a22c05862a551dc2b4"}
,"/Users/taylormorgan/Documents/Projects/scratch/react-resume/src/components/TimelineLayout/TimelineConfigStore.js": {"path":"/Users/taylormorgan/Documents/Projects/scratch/react-resume/src/components/TimelineLayout/TimelineConfigStore.js","statementMap":{"0":{"start":{"line":1,"column":37},"end":{"line":12,"column":1}},"1":{"start":{"line":14,"column":37},"end":{"line":21,"column":1}},"2":{"start":{"line":15,"column":2},"end":{"line":20,"column":3}},"3":{"start":{"line":16,"column":4},"end":{"line":19,"column":6}}},"fnMap":{"0":{"name":"(anonymous_0)","decl":{"start":{"line":14,"column":37},"end":{"line":14,"column":38}},"loc":{"start":{"line":14,"column":56},"end":{"line":21,"column":1}},"line":14}},"branchMap":{"0":{"loc":{"start":{"line":15,"column":2},"end":{"line":20,"column":3}},"type":"if","locations":[{"start":{"line":15,"column":2},"end":{"line":20,"column":3}},{"start":{"line":15,"column":2},"end":{"line":20,"column":3}}],"line":15}},"s":{"0":3,"1":3,"2":5,"3":5},"f":{"0":5},"b":{"0":[5,0]},"_coverageSchema":"43e27e138ebf9cfc5966b082cf9a028302ed4184","hash":"f8ea18b831375c5087910deae3412ed9917400ed"}
,"/Users/taylormorgan/Documents/Projects/scratch/react-resume/src/components/TimelineLayout/TimelineItems.js": {"path":"/Users/taylormorgan/Documents/Projects/scratch/react-resume/src/components/TimelineLayout/TimelineItems.js","statementMap":{"0":{"start":{"line":18,"column":33},"end":{"line":27,"column":1}},"1":{"start":{"line":19,"column":2},"end":{"line":26,"column":4}},"2":{"start":{"line":29,"column":22},"end":{"line":200,"column":1}},"3":{"start":{"line":30,"column":17},"end":{"line":30,"column":42}},"4":{"start":{"line":31,"column":25},"end":{"line":31,"column":58}},"5":{"start":{"line":32,"column":39},"end":{"line":34,"column":3}},"6":{"start":{"line":35,"column":44},"end":{"line":35,"column":58}},"7":{"start":{"line":36,"column":40},"end":{"line":36,"column":52}},"8":{"start":{"line":37,"column":42},"end":{"line":37,"column":56}},"9":{"start":{"line":38,"column":58},"end":{"line":41,"column":3}},"10":{"start":{"line":43,"column":24},"end":{"line":48,"column":3}},"11":{"start":{"line":45,"column":6},"end":{"line":45,"column":47}},"12":{"start":{"line":45,"column":31},"end":{"line":45,"column":45}},"13":{"start":{"line":50,"column":23},"end":{"line":51,"column":74}},"14":{"start":{"line":51,"column":4},"end":{"line":51,"column":74}},"15":{"start":{"line":53,"column":29},"end":{"line":72,"column":3}},"16":{"start":{"line":55,"column":6},"end":{"line":57,"column":7}},"17":{"start":{"line":56,"column":8},"end":{"line":56,"column":25}},"18":{"start":{"line":58,"column":19},"end":{"line":58,"column":56}},"19":{"start":{"line":59,"column":27},"end":{"line":68,"column":7}},"20":{"start":{"line":61,"column":10},"end":{"line":67,"column":11}},"21":{"start":{"line":69,"column":6},"end":{"line":69,"column":26}},"22":{"start":{"line":74,"column":28},"end":{"line":105,"column":3}},"23":{"start":{"line":76,"column":18},"end":{"line":76,"column":35}},"24":{"start":{"line":77,"column":20},"end":{"line":77,"column":75}},"25":{"start":{"line":78,"column":20},"end":{"line":78,"column":75}},"26":{"start":{"line":79,"column":28},"end":{"line":81,"column":11}},"27":{"start":{"line":82,"column":18},"end":{"line":82,"column":39}},"28":{"start":{"line":83,"column":26},"end":{"line":88,"column":7}},"29":{"start":{"line":90,"column":14},"end":{"line":90,"column":15}},"30":{"start":{"line":91,"column":29},"end":{"line":91,"column":30}},"31":{"start":{"line":92,"column":6},"end":{"line":95,"column":7}},"32":{"start":{"line":93,"column":8},"end":{"line":93,"column":55}},"33":{"start":{"line":94,"column":8},"end":{"line":94,"column":12}},"34":{"start":{"line":97,"column":6},"end":{"line":102,"column":9}},"35":{"start":{"line":107,"column":2},"end":{"line":127,"column":73}},"36":{"start":{"line":108,"column":4},"end":{"line":126,"column":5}},"37":{"start":{"line":109,"column":29},"end":{"line":109,"column":74}},"38":{"start":{"line":110,"column":6},"end":{"line":114,"column":7}},"39":{"start":{"line":111,"column":8},"end":{"line":111,"column":56}},"40":{"start":{"line":113,"column":8},"end":{"line":113,"column":30}},"41":{"start":{"line":116,"column":29},"end":{"line":122,"column":8}},"42":{"start":{"line":117,"column":8},"end":{"line":119,"column":9}},"43":{"start":{"line":118,"column":10},"end":{"line":118,"column":23}},"44":{"start":{"line":121,"column":8},"end":{"line":121,"column":55}},"45":{"start":{"line":123,"column":6},"end":{"line":125,"column":7}},"46":{"start":{"line":124,"column":8},"end":{"line":124,"column":40}},"47":{"start":{"line":129,"column":24},"end":{"line":152,"column":14}},"48":{"start":{"line":130,"column":4},"end":{"line":151,"column":9}},"49":{"start":{"line":132,"column":24},"end":{"line":132,"column":36}},"50":{"start":{"line":133,"column":25},"end":{"line":133,"column":35}},"51":{"start":{"line":134,"column":28},"end":{"line":134,"column":74}},"52":{"start":{"line":135,"column":24},"end":{"line":135,"column":43}},"53":{"start":{"line":136,"column":23},"end":{"line":136,"column":63}},"54":{"start":{"line":139,"column":24},"end":{"line":139,"column":35}},"55":{"start":{"line":140,"column":25},"end":{"line":140,"column":63}},"56":{"start":{"line":141,"column":28},"end":{"line":141,"column":44}},"57":{"start":{"line":142,"column":24},"end":{"line":142,"column":46}},"58":{"start":{"line":143,"column":22},"end":{"line":143,"column":43}},"59":{"start":{"line":146,"column":24},"end":{"line":146,"column":39}},"60":{"start":{"line":147,"column":25},"end":{"line":147,"column":35}},"61":{"start":{"line":148,"column":28},"end":{"line":148,"column":45}},"62":{"start":{"line":149,"column":24},"end":{"line":149,"column":45}},"63":{"start":{"line":150,"column":22},"end":{"line":150,"column":43}},"64":{"start":{"line":154,"column":2},"end":{"line":181,"column":5}},"65":{"start":{"line":156,"column":6},"end":{"line":156,"column":68}},"66":{"start":{"line":157,"column":4},"end":{"line":160,"column":7}},"67":{"start":{"line":162,"column":4},"end":{"line":176,"column":5}},"68":{"start":{"line":163,"column":6},"end":{"line":163,"column":51}},"69":{"start":{"line":164,"column":6},"end":{"line":167,"column":9}},"70":{"start":{"line":168,"column":6},"end":{"line":171,"column":9}},"71":{"start":{"line":172,"column":6},"end":{"line":175,"column":9}},"72":{"start":{"line":183,"column":22},"end":{"line":185,"column":3}},"73":{"start":{"line":184,"column":4},"end":{"line":184,"column":26}},"74":{"start":{"line":187,"column":2},"end":{"line":199,"column":5}},"75":{"start":{"line":188,"column":4},"end":{"line":198,"column":6}}},"fnMap":{"0":{"name":"(anonymous_0)","decl":{"start":{"line":18,"column":33},"end":{"line":18,"column":34}},"loc":{"start":{"line":18,"column":52},"end":{"line":27,"column":1}},"line":18},"1":{"name":"(anonymous_1)","decl":{"start":{"line":29,"column":22},"end":{"line":29,"column":23}},"loc":{"start":{"line":29,"column":28},"end":{"line":200,"column":1}},"line":29},"2":{"name":"(anonymous_2)","decl":{"start":{"line":44,"column":4},"end":{"line":44,"column":5}},"loc":{"start":{"line":44,"column":13},"end":{"line":46,"column":5}},"line":44},"3":{"name":"(anonymous_3)","decl":{"start":{"line":45,"column":21},"end":{"line":45,"column":22}},"loc":{"start":{"line":45,"column":31},"end":{"line":45,"column":45}},"line":45},"4":{"name":"(anonymous_4)","decl":{"start":{"line":50,"column":23},"end":{"line":50,"column":24}},"loc":{"start":{"line":51,"column":4},"end":{"line":51,"column":74}},"line":51},"5":{"name":"(anonymous_5)","decl":{"start":{"line":54,"column":4},"end":{"line":54,"column":5}},"loc":{"start":{"line":54,"column":45},"end":{"line":70,"column":5}},"line":54},"6":{"name":"(anonymous_6)","decl":{"start":{"line":60,"column":8},"end":{"line":60,"column":9}},"loc":{"start":{"line":61,"column":10},"end":{"line":67,"column":11}},"line":61},"7":{"name":"(anonymous_7)","decl":{"start":{"line":75,"column":4},"end":{"line":75,"column":5}},"loc":{"start":{"line":75,"column":25},"end":{"line":103,"column":5}},"line":75},"8":{"name":"(anonymous_8)","decl":{"start":{"line":107,"column":12},"end":{"line":107,"column":13}},"loc":{"start":{"line":107,"column":18},"end":{"line":127,"column":3}},"line":107},"9":{"name":"(anonymous_9)","decl":{"start":{"line":116,"column":46},"end":{"line":116,"column":47}},"loc":{"start":{"line":116,"column":58},"end":{"line":122,"column":7}},"line":116},"10":{"name":"(anonymous_10)","decl":{"start":{"line":129,"column":32},"end":{"line":129,"column":33}},"loc":{"start":{"line":129,"column":38},"end":{"line":152,"column":3}},"line":129},"11":{"name":"(anonymous_11)","decl":{"start":{"line":132,"column":14},"end":{"line":132,"column":15}},"loc":{"start":{"line":132,"column":24},"end":{"line":132,"column":36}},"line":132},"12":{"name":"(anonymous_12)","decl":{"start":{"line":133,"column":15},"end":{"line":133,"column":16}},"loc":{"start":{"line":133,"column":25},"end":{"line":133,"column":35}},"line":133},"13":{"name":"(anonymous_13)","decl":{"start":{"line":134,"column":18},"end":{"line":134,"column":19}},"loc":{"start":{"line":134,"column":28},"end":{"line":134,"column":74}},"line":134},"14":{"name":"(anonymous_14)","decl":{"start":{"line":135,"column":14},"end":{"line":135,"column":15}},"loc":{"start":{"line":135,"column":24},"end":{"line":135,"column":43}},"line":135},"15":{"name":"(anonymous_15)","decl":{"start":{"line":136,"column":12},"end":{"line":136,"column":13}},"loc":{"start":{"line":136,"column":23},"end":{"line":136,"column":63}},"line":136},"16":{"name":"(anonymous_16)","decl":{"start":{"line":139,"column":14},"end":{"line":139,"column":15}},"loc":{"start":{"line":139,"column":24},"end":{"line":139,"column":35}},"line":139},"17":{"name":"(anonymous_17)","decl":{"start":{"line":140,"column":15},"end":{"line":140,"column":16}},"loc":{"start":{"line":140,"column":25},"end":{"line":140,"column":63}},"line":140},"18":{"name":"(anonymous_18)","decl":{"start":{"line":141,"column":18},"end":{"line":141,"column":19}},"loc":{"start":{"line":141,"column":28},"end":{"line":141,"column":44}},"line":141},"19":{"name":"(anonymous_19)","decl":{"start":{"line":142,"column":14},"end":{"line":142,"column":15}},"loc":{"start":{"line":142,"column":24},"end":{"line":142,"column":46}},"line":142},"20":{"name":"(anonymous_20)","decl":{"start":{"line":143,"column":12},"end":{"line":143,"column":13}},"loc":{"start":{"line":143,"column":22},"end":{"line":143,"column":43}},"line":143},"21":{"name":"(anonymous_21)","decl":{"start":{"line":146,"column":14},"end":{"line":146,"column":15}},"loc":{"start":{"line":146,"column":24},"end":{"line":146,"column":39}},"line":146},"22":{"name":"(anonymous_22)","decl":{"start":{"line":147,"column":15},"end":{"line":147,"column":16}},"loc":{"start":{"line":147,"column":25},"end":{"line":147,"column":35}},"line":147},"23":{"name":"(anonymous_23)","decl":{"start":{"line":148,"column":18},"end":{"line":148,"column":19}},"loc":{"start":{"line":148,"column":28},"end":{"line":148,"column":45}},"line":148},"24":{"name":"(anonymous_24)","decl":{"start":{"line":149,"column":14},"end":{"line":149,"column":15}},"loc":{"start":{"line":149,"column":24},"end":{"line":149,"column":45}},"line":149},"25":{"name":"(anonymous_25)","decl":{"start":{"line":150,"column":12},"end":{"line":150,"column":13}},"loc":{"start":{"line":150,"column":22},"end":{"line":150,"column":43}},"line":150},"26":{"name":"(anonymous_26)","decl":{"start":{"line":154,"column":12},"end":{"line":154,"column":13}},"loc":{"start":{"line":154,"column":18},"end":{"line":177,"column":3}},"line":154},"27":{"name":"(anonymous_27)","decl":{"start":{"line":183,"column":22},"end":{"line":183,"column":23}},"loc":{"start":{"line":183,"column":31},"end":{"line":185,"column":3}},"line":183},"28":{"name":"(anonymous_28)","decl":{"start":{"line":187,"column":33},"end":{"line":187,"column":34}},"loc":{"start":{"line":188,"column":4},"end":{"line":198,"column":6}},"line":188}},"branchMap":{"0":{"loc":{"start":{"line":51,"column":4},"end":{"line":51,"column":74}},"type":"cond-expr","locations":[{"start":{"line":51,"column":25},"end":{"line":51,"column":62}},{"start":{"line":51,"column":65},"end":{"line":51,"column":74}}],"line":51},"1":{"loc":{"start":{"line":51,"column":4},"end":{"line":51,"column":22}},"type":"binary-expr","locations":[{"start":{"line":51,"column":4},"end":{"line":51,"column":7}},{"start":{"line":51,"column":11},"end":{"line":51,"column":22}}],"line":51},"2":{"loc":{"start":{"line":54,"column":21},"end":{"line":54,"column":40}},"type":"default-arg","locations":[{"start":{"line":54,"column":36},"end":{"line":54,"column":40}}],"line":54},"3":{"loc":{"start":{"line":55,"column":6},"end":{"line":57,"column":7}},"type":"if","locations":[{"start":{"line":55,"column":6},"end":{"line":57,"column":7}},{"start":{"line":55,"column":6},"end":{"line":57,"column":7}}],"line":55},"4":{"loc":{"start":{"line":55,"column":10},"end":{"line":55,"column":46}},"type":"binary-expr","locations":[{"start":{"line":55,"column":10},"end":{"line":55,"column":22}},{"start":{"line":55,"column":26},"end":{"line":55,"column":46}}],"line":55},"5":{"loc":{"start":{"line":58,"column":19},"end":{"line":58,"column":56}},"type":"binary-expr","locations":[{"start":{"line":58,"column":19},"end":{"line":58,"column":31}},{"start":{"line":58,"column":35},"end":{"line":58,"column":56}}],"line":58},"6":{"loc":{"start":{"line":61,"column":10},"end":{"line":67,"column":11}},"type":"binary-expr","locations":[{"start":{"line":61,"column":10},"end":{"line":61,"column":26}},{"start":{"line":62,"column":10},"end":{"line":62,"column":42}},{"start":{"line":63,"column":10},"end":{"line":67,"column":11}}],"line":61},"7":{"loc":{"start":{"line":77,"column":20},"end":{"line":77,"column":75}},"type":"cond-expr","locations":[{"start":{"line":77,"column":46},"end":{"line":77,"column":71}},{"start":{"line":77,"column":74},"end":{"line":77,"column":75}}],"line":77},"8":{"loc":{"start":{"line":78,"column":20},"end":{"line":78,"column":75}},"type":"cond-expr","locations":[{"start":{"line":78,"column":46},"end":{"line":78,"column":71}},{"start":{"line":78,"column":74},"end":{"line":78,"column":75}}],"line":78},"9":{"loc":{"start":{"line":79,"column":28},"end":{"line":81,"column":11}},"type":"cond-expr","locations":[{"start":{"line":80,"column":10},"end":{"line":80,"column":43}},{"start":{"line":81,"column":10},"end":{"line":81,"column":11}}],"line":79},"10":{"loc":{"start":{"line":92,"column":13},"end":{"line":92,"column":72}},"type":"binary-expr","locations":[{"start":{"line":92,"column":13},"end":{"line":92,"column":62}},{"start":{"line":92,"column":66},"end":{"line":92,"column":72}}],"line":92},"11":{"loc":{"start":{"line":108,"column":4},"end":{"line":126,"column":5}},"type":"if","locations":[{"start":{"line":108,"column":4},"end":{"line":126,"column":5}},{"start":{"line":108,"column":4},"end":{"line":126,"column":5}}],"line":108},"12":{"loc":{"start":{"line":110,"column":6},"end":{"line":114,"column":7}},"type":"if","locations":[{"start":{"line":110,"column":6},"end":{"line":114,"column":7}},{"start":{"line":110,"column":6},"end":{"line":114,"column":7}}],"line":110},"13":{"loc":{"start":{"line":117,"column":8},"end":{"line":119,"column":9}},"type":"if","locations":[{"start":{"line":117,"column":8},"end":{"line":119,"column":9}},{"start":{"line":117,"column":8},"end":{"line":119,"column":9}}],"line":117},"14":{"loc":{"start":{"line":123,"column":6},"end":{"line":125,"column":7}},"type":"if","locations":[{"start":{"line":123,"column":6},"end":{"line":125,"column":7}},{"start":{"line":123,"column":6},"end":{"line":125,"column":7}}],"line":123},"15":{"loc":{"start":{"line":136,"column":23},"end":{"line":136,"column":63}},"type":"cond-expr","locations":[{"start":{"line":136,"column":33},"end":{"line":136,"column":50}},{"start":{"line":136,"column":53},"end":{"line":136,"column":63}}],"line":136},"16":{"loc":{"start":{"line":162,"column":4},"end":{"line":176,"column":5}},"type":"if","locations":[{"start":{"line":162,"column":4},"end":{"line":176,"column":5}},{"start":{"line":162,"column":4},"end":{"line":176,"column":5}}],"line":162}},"s":{"0":2,"1":0,"2":2,"3":2,"4":2,"5":2,"6":2,"7":2,"8":2,"9":2,"10":2,"11":12,"12":12,"13":2,"14":0,"15":2,"16":12,"17":12,"18":0,"19":0,"20":0,"21":0,"22":2,"23":0,"24":0,"25":0,"26":0,"27":0,"28":0,"29":0,"30":0,"31":0,"32":0,"33":0,"34":0,"35":2,"36":2,"37":0,"38":0,"39":0,"40":0,"41":2,"42":12,"43":0,"44":12,"45":2,"46":0,"47":2,"48":1,"49":7,"50":7,"51":7,"52":7,"53":7,"54":3,"55":3,"56":3,"57":3,"58":3,"59":2,"60":2,"61":2,"62":2,"63":2,"64":2,"65":1,"66":1,"67":1,"68":1,"69":1,"70":1,"71":1,"72":2,"73":0,"74":2,"75":24},"f":{"0":0,"1":2,"2":12,"3":12,"4":0,"5":12,"6":0,"7":0,"8":2,"9":12,"10":1,"11":7,"12":7,"13":7,"14":7,"15":7,"16":3,"17":3,"18":3,"19":3,"20":3,"21":2,"22":2,"23":2,"24":2,"25":2,"26":1,"27":0,"28":24},"b":{"0":[0,0],"1":[0,0],"2":[12],"3":[12,0],"4":[12,12],"5":[0,0],"6":[0,0,0],"7":[0,0],"8":[0,0],"9":[0,0],"10":[0,0],"11":[0,2],"12":[0,0],"13":[0,12],"14":[0,2],"15":[6,1],"16":[1,0]},"_coverageSchema":"43e27e138ebf9cfc5966b082cf9a028302ed4184","hash":"d447317f7fdd59c09c8aded9658f82cfe01739ff"}
,"/Users/taylormorgan/Documents/Projects/scratch/react-resume/src/components/TimelineLayout/TimelineRange.js": {"path":"/Users/taylormorgan/Documents/Projects/scratch/react-resume/src/components/TimelineLayout/TimelineRange.js","statementMap":{"0":{"start":{"line":6,"column":22},"end":{"line":86,"column":1}},"1":{"start":{"line":15,"column":25},"end":{"line":15,"column":58}},"2":{"start":{"line":16,"column":18},"end":{"line":16,"column":64}},"3":{"start":{"line":17,"column":21},"end":{"line":17,"column":33}},"4":{"start":{"line":19,"column":26},"end":{"line":21,"column":3}},"5":{"start":{"line":20,"column":4},"end":{"line":20,"column":34}},"6":{"start":{"line":23,"column":2},"end":{"line":27,"column":34}},"7":{"start":{"line":24,"column":4},"end":{"line":26,"column":5}},"8":{"start":{"line":25,"column":6},"end":{"line":25,"column":32}},"9":{"start":{"line":29,"column":2},"end":{"line":31,"column":3}},"10":{"start":{"line":30,"column":4},"end":{"line":30,"column":16}},"11":{"start":{"line":32,"column":17},"end":{"line":34,"column":7}},"12":{"start":{"line":35,"column":29},"end":{"line":35,"column":72}},"13":{"start":{"line":36,"column":29},"end":{"line":36,"column":72}},"14":{"start":{"line":37,"column":13},"end":{"line":37,"column":54}},"15":{"start":{"line":38,"column":13},"end":{"line":38,"column":52}},"16":{"start":{"line":39,"column":21},"end":{"line":39,"column":44}},"17":{"start":{"line":40,"column":15},"end":{"line":40,"column":28}},"18":{"start":{"line":41,"column":23},"end":{"line":41,"column":32}},"19":{"start":{"line":43,"column":2},"end":{"line":85,"column":4}}},"fnMap":{"0":{"name":"(anonymous_0)","decl":{"start":{"line":6,"column":22},"end":{"line":6,"column":23}},"loc":{"start":{"line":14,"column":6},"end":{"line":86,"column":1}},"line":14},"1":{"name":"(anonymous_1)","decl":{"start":{"line":19,"column":26},"end":{"line":19,"column":27}},"loc":{"start":{"line":19,"column":32},"end":{"line":21,"column":3}},"line":19},"2":{"name":"(anonymous_2)","decl":{"start":{"line":23,"column":12},"end":{"line":23,"column":13}},"loc":{"start":{"line":23,"column":18},"end":{"line":27,"column":3}},"line":23}},"branchMap":{"0":{"loc":{"start":{"line":24,"column":4},"end":{"line":26,"column":5}},"type":"if","locations":[{"start":{"line":24,"column":4},"end":{"line":26,"column":5}},{"start":{"line":24,"column":4},"end":{"line":26,"column":5}}],"line":24},"1":{"loc":{"start":{"line":29,"column":2},"end":{"line":31,"column":3}},"type":"if","locations":[{"start":{"line":29,"column":2},"end":{"line":31,"column":3}},{"start":{"line":29,"column":2},"end":{"line":31,"column":3}}],"line":29},"2":{"loc":{"start":{"line":32,"column":17},"end":{"line":34,"column":7}},"type":"cond-expr","locations":[{"start":{"line":33,"column":6},"end":{"line":33,"column":38}},{"start":{"line":34,"column":6},"end":{"line":34,"column":7}}],"line":32},"3":{"loc":{"start":{"line":35,"column":29},"end":{"line":35,"column":72}},"type":"cond-expr","locations":[{"start":{"line":35,"column":49},"end":{"line":35,"column":68}},{"start":{"line":35,"column":71},"end":{"line":35,"column":72}}],"line":35},"4":{"loc":{"start":{"line":36,"column":29},"end":{"line":36,"column":72}},"type":"cond-expr","locations":[{"start":{"line":36,"column":49},"end":{"line":36,"column":68}},{"start":{"line":36,"column":71},"end":{"line":36,"column":72}}],"line":36},"5":{"loc":{"start":{"line":39,"column":21},"end":{"line":39,"column":44}},"type":"cond-expr","locations":[{"start":{"line":39,"column":33},"end":{"line":39,"column":39}},{"start":{"line":39,"column":42},"end":{"line":39,"column":44}}],"line":39}},"s":{"0":3,"1":25,"2":25,"3":25,"4":25,"5":0,"6":25,"7":13,"8":12,"9":25,"10":1,"11":24,"12":24,"13":24,"14":24,"15":24,"16":24,"17":24,"18":24,"19":24},"f":{"0":25,"1":0,"2":13},"b":{"0":[12,1],"1":[1,24],"2":[8,16],"3":[0,24],"4":[0,24],"5":[14,10]},"_coverageSchema":"43e27e138ebf9cfc5966b082cf9a028302ed4184","hash":"b7def6ccb4ddc02e4d7db1da62357eb5f91fe70b"}
,"/Users/taylormorgan/Documents/Projects/scratch/react-resume/src/components/TimelineLayout/TimelineStyles.js": {"path":"/Users/taylormorgan/Documents/Projects/scratch/react-resume/src/components/TimelineLayout/TimelineStyles.js","statementMap":{"0":{"start":{"line":3,"column":33},"end":{"line":61,"column":2}},"1":{"start":{"line":4,"column":2},"end":{"line":60,"column":4}},"2":{"start":{"line":18,"column":36},"end":{"line":23,"column":5}},"3":{"start":{"line":24,"column":40},"end":{"line":26,"column":5}},"4":{"start":{"line":37,"column":40},"end":{"line":42,"column":5}},"5":{"start":{"line":43,"column":42},"end":{"line":46,"column":5}},"6":{"start":{"line":47,"column":41},"end":{"line":51,"column":5}},"7":{"start":{"line":52,"column":44},"end":{"line":56,"column":5}},"8":{"start":{"line":57,"column":40},"end":{"line":59,"column":5}}},"fnMap":{"0":{"name":"(anonymous_0)","decl":{"start":{"line":3,"column":44},"end":{"line":3,"column":45}},"loc":{"start":{"line":3,"column":55},"end":{"line":61,"column":1}},"line":3},"1":{"name":"(anonymous_1)","decl":{"start":{"line":18,"column":14},"end":{"line":18,"column":15}},"loc":{"start":{"line":18,"column":36},"end":{"line":23,"column":5}},"line":18},"2":{"name":"(anonymous_2)","decl":{"start":{"line":24,"column":18},"end":{"line":24,"column":19}},"loc":{"start":{"line":24,"column":40},"end":{"line":26,"column":5}},"line":24},"3":{"name":"(anonymous_3)","decl":{"start":{"line":37,"column":18},"end":{"line":37,"column":19}},"loc":{"start":{"line":37,"column":40},"end":{"line":42,"column":5}},"line":37},"4":{"name":"(anonymous_4)","decl":{"start":{"line":43,"column":20},"end":{"line":43,"column":21}},"loc":{"start":{"line":43,"column":42},"end":{"line":46,"column":5}},"line":43},"5":{"name":"(anonymous_5)","decl":{"start":{"line":47,"column":19},"end":{"line":47,"column":20}},"loc":{"start":{"line":47,"column":41},"end":{"line":51,"column":5}},"line":47},"6":{"name":"(anonymous_6)","decl":{"start":{"line":52,"column":22},"end":{"line":52,"column":23}},"loc":{"start":{"line":52,"column":44},"end":{"line":56,"column":5}},"line":52},"7":{"name":"(anonymous_7)","decl":{"start":{"line":57,"column":18},"end":{"line":57,"column":19}},"loc":{"start":{"line":57,"column":40},"end":{"line":59,"column":5}},"line":57}},"branchMap":{"0":{"loc":{"start":{"line":20,"column":14},"end":{"line":20,"column":52}},"type":"cond-expr","locations":[{"start":{"line":20,"column":37},"end":{"line":20,"column":43}},{"start":{"line":20,"column":46},"end":{"line":20,"column":52}}],"line":20},"1":{"loc":{"start":{"line":25,"column":12},"end":{"line":25,"column":50}},"type":"cond-expr","locations":[{"start":{"line":25,"column":35},"end":{"line":25,"column":41}},{"start":{"line":25,"column":44},"end":{"line":25,"column":50}}],"line":25},"2":{"loc":{"start":{"line":53,"column":12},"end":{"line":53,"column":50}},"type":"cond-expr","locations":[{"start":{"line":53,"column":35},"end":{"line":53,"column":41}},{"start":{"line":53,"column":44},"end":{"line":53,"column":50}}],"line":53},"3":{"loc":{"start":{"line":58,"column":12},"end":{"line":58,"column":50}},"type":"cond-expr","locations":[{"start":{"line":58,"column":35},"end":{"line":58,"column":41}},{"start":{"line":58,"column":44},"end":{"line":58,"column":50}}],"line":58}},"s":{"0":3,"1":2,"2":29,"3":29,"4":29,"5":29,"6":29,"7":29,"8":29},"f":{"0":2,"1":29,"2":29,"3":29,"4":29,"5":29,"6":29,"7":29},"b":{"0":[29,0],"1":[29,0],"2":[29,0],"3":[29,0]},"_coverageSchema":"43e27e138ebf9cfc5966b082cf9a028302ed4184","hash":"ad14c6236b087b818dba264b84e63d614745e79e"}
,"/Users/taylormorgan/Documents/Projects/scratch/react-resume/src/components/TimelineLayout/WithTimelineProviders.js": {"path":"/Users/taylormorgan/Documents/Projects/scratch/react-resume/src/components/TimelineLayout/WithTimelineProviders.js","statementMap":{"0":{"start":{"line":11,"column":30},"end":{"line":42,"column":1}},"1":{"start":{"line":15,"column":57},"end":{"line":18,"column":3}},"2":{"start":{"line":20,"column":2},"end":{"line":31,"column":4}},"3":{"start":{"line":21,"column":4},"end":{"line":23,"column":5}},"4":{"start":{"line":22,"column":6},"end":{"line":22,"column":15}},"5":{"start":{"line":25,"column":6},"end":{"line":25,"column":59}},"6":{"start":{"line":26,"column":4},"end":{"line":30,"column":6}},"7":{"start":{"line":33,"column":2},"end":{"line":41,"column":4}}},"fnMap":{"0":{"name":"(anonymous_0)","decl":{"start":{"line":11,"column":30},"end":{"line":11,"column":31}},"loc":{"start":{"line":14,"column":6},"end":{"line":42,"column":1}},"line":14},"1":{"name":"(anonymous_1)","decl":{"start":{"line":20,"column":33},"end":{"line":20,"column":34}},"loc":{"start":{"line":20,"column":43},"end":{"line":31,"column":3}},"line":20}},"branchMap":{"0":{"loc":{"start":{"line":12,"column":2},"end":{"line":12,"column":47}},"type":"default-arg","locations":[{"start":{"line":12,"column":26},"end":{"line":12,"column":47}}],"line":12},"1":{"loc":{"start":{"line":21,"column":4},"end":{"line":23,"column":5}},"type":"if","locations":[{"start":{"line":21,"column":4},"end":{"line":23,"column":5}},{"start":{"line":21,"column":4},"end":{"line":23,"column":5}}],"line":21}},"s":{"0":3,"1":10,"2":10,"3":74,"4":26,"5":48,"6":48,"7":10},"f":{"0":10,"1":74},"b":{"0":[6],"1":[26,48]},"_coverageSchema":"43e27e138ebf9cfc5966b082cf9a028302ed4184","hash":"5f796cb5762481aff9fcbe9f2cdb7662c881eee4"}
,"/Users/taylormorgan/Documents/Projects/scratch/react-resume/src/util/helpers.js": {"path":"/Users/taylormorgan/Documents/Projects/scratch/react-resume/src/util/helpers.js","statementMap":{"0":{"start":{"line":1,"column":28},"end":{"line":10,"column":1}},"1":{"start":{"line":2,"column":2},"end":{"line":9,"column":11}},"2":{"start":{"line":3,"column":21},"end":{"line":3,"column":46}},"3":{"start":{"line":5,"column":6},"end":{"line":7,"column":7}},"4":{"start":{"line":6,"column":8},"end":{"line":6,"column":28}},"5":{"start":{"line":8,"column":6},"end":{"line":8,"column":17}},"6":{"start":{"line":12,"column":28},"end":{"line":13,"column":47}},"7":{"start":{"line":13,"column":2},"end":{"line":13,"column":47}},"8":{"start":{"line":15,"column":27},"end":{"line":15,"column":73}},"9":{"start":{"line":15,"column":37},"end":{"line":15,"column":73}},"10":{"start":{"line":17,"column":29},"end":{"line":23,"column":3}},"11":{"start":{"line":18,"column":2},"end":{"line":23,"column":3}}},"fnMap":{"0":{"name":"(anonymous_0)","decl":{"start":{"line":1,"column":28},"end":{"line":1,"column":29}},"loc":{"start":{"line":1,"column":50},"end":{"line":10,"column":1}},"line":1},"1":{"name":"(anonymous_1)","decl":{"start":{"line":3,"column":12},"end":{"line":3,"column":13}},"loc":{"start":{"line":3,"column":21},"end":{"line":3,"column":46}},"line":3},"2":{"name":"(anonymous_2)","decl":{"start":{"line":4,"column":12},"end":{"line":4,"column":13}},"loc":{"start":{"line":4,"column":26},"end":{"line":9,"column":5}},"line":4},"3":{"name":"(anonymous_3)","decl":{"start":{"line":12,"column":28},"end":{"line":12,"column":29}},"loc":{"start":{"line":13,"column":2},"end":{"line":13,"column":47}},"line":13},"4":{"name":"(anonymous_4)","decl":{"start":{"line":15,"column":27},"end":{"line":15,"column":28}},"loc":{"start":{"line":15,"column":37},"end":{"line":15,"column":73}},"line":15},"5":{"name":"(anonymous_5)","decl":{"start":{"line":17,"column":29},"end":{"line":17,"column":30}},"loc":{"start":{"line":18,"column":2},"end":{"line":23,"column":3}},"line":18}},"branchMap":{"0":{"loc":{"start":{"line":5,"column":6},"end":{"line":7,"column":7}},"type":"if","locations":[{"start":{"line":5,"column":6},"end":{"line":7,"column":7}},{"start":{"line":5,"column":6},"end":{"line":7,"column":7}}],"line":5},"1":{"loc":{"start":{"line":15,"column":37},"end":{"line":15,"column":73}},"type":"binary-expr","locations":[{"start":{"line":15,"column":37},"end":{"line":15,"column":57}},{"start":{"line":15,"column":61},"end":{"line":15,"column":73}}],"line":15},"2":{"loc":{"start":{"line":19,"column":4},"end":{"line":22,"column":61}},"type":"binary-expr","locations":[{"start":{"line":19,"column":4},"end":{"line":19,"column":60}},{"start":{"line":20,"column":4},"end":{"line":20,"column":60}},{"start":{"line":21,"column":4},"end":{"line":21,"column":61}},{"start":{"line":22,"column":4},"end":{"line":22,"column":61}}],"line":19}},"s":{"0":6,"1":111,"2":928,"3":356,"4":356,"5":356,"6":6,"7":2,"8":6,"9":73,"10":6,"11":0},"f":{"0":111,"1":928,"2":356,"3":2,"4":73,"5":0},"b":{"0":[356,0],"1":[73,70],"2":[0,0,0,0]},"_coverageSchema":"43e27e138ebf9cfc5966b082cf9a028302ed4184","hash":"650003bbf6c309d2caba225e88726bd1745110e9"}
}
