TN:
SF:/Users/taylormorgan/Documents/Projects/scratch/react-resume/src/App.js
FN:6,(anonymous_0)
FNF:1
FNH:0
FNDA:0,(anonymous_0)
DA:6,0
DA:7,0
LF:2
LH:0
BRF:0
BRH:0
end_of_record
TN:
SF:/Users/taylormorgan/Documents/Projects/scratch/react-resume/src/Contexts.js
FNF:0
FNH:0
DA:3,11
DA:4,11
DA:5,11
DA:6,11
DA:7,11
LF:5
LH:5
BRF:0
BRH:0
end_of_record
TN:
SF:/Users/taylormorgan/Documents/Projects/scratch/react-resume/src/DisplayOptionsStore.js
FN:7,(anonymous_0)
FNF:1
FNH:1
FNDA:7,(anonymous_0)
DA:1,10
DA:7,10
DA:8,7
DA:10,1
DA:12,3
DA:14,3
DA:16,0
LF:7
LH:6
BRDA:8,0,0,1
BRDA:8,0,1,3
BRDA:8,0,2,3
BRDA:8,0,3,0
BRF:4
BRH:3
end_of_record
TN:
SF:/Users/taylormorgan/Documents/Projects/scratch/react-resume/src/WithProviders.js
FN:14,(anonymous_0)
FNF:1
FNH:1
FNDA:67,(anonymous_0)
DA:14,10
DA:18,67
DA:23,67
DA:27,67
LF:4
LH:4
BRDA:15,0,0,62
BRDA:24,1,0,60
BRDA:24,1,1,7
BRF:3
BRH:3
end_of_record
TN:
SF:/Users/taylormorgan/Documents/Projects/scratch/react-resume/src/index.js
FNF:0
FNH:0
DA:6,0
DA:7,0
LF:2
LH:0
BRF:0
BRH:0
end_of_record
TN:
SF:/Users/taylormorgan/Documents/Projects/scratch/react-resume/src/theme.js
FN:2,(anonymous_0)
FNF:1
FNH:1
FNDA:67,(anonymous_0)
DA:2,10
DA:3,67
LF:2
LH:2
BRDA:2,0,0,0
BRF:1
BRH:0
end_of_record
TN:
SF:/Users/taylormorgan/Documents/Projects/scratch/react-resume/src/components/DisplayOptions.js
FN:15,(anonymous_0)
FN:29,(anonymous_1)
FN:44,(anonymous_2)
FN:57,(anonymous_3)
FN:74,(anonymous_4)
FNF:5
FNH:5
FNDA:25,(anonymous_0)
FNDA:25,(anonymous_1)
FNDA:1,(anonymous_2)
FNDA:3,(anonymous_3)
FNDA:3,(anonymous_4)
DA:15,25
DA:29,2
DA:30,25
DA:31,25
DA:32,25
DA:34,25
DA:44,1
DA:57,3
DA:74,3
LF:9
LH:9
BRDA:64,0,0,25
BRDA:64,0,1,24
BRF:2
BRH:2
end_of_record
TN:
SF:/Users/taylormorgan/Documents/Projects/scratch/react-resume/src/components/Resume.js
FN:13,(anonymous_0)
FNF:1
FNH:1
FNDA:6,(anonymous_0)
DA:13,1
DA:14,6
DA:15,6
LF:3
LH:3
BRDA:19,0,0,0
BRDA:19,0,1,6
BRF:2
BRH:1
end_of_record
TN:
SF:/Users/taylormorgan/Documents/Projects/scratch/react-resume/src/components/StandardLayout/CertificationList.js
FN:7,(anonymous_0)
FN:13,(anonymous_1)
FNF:2
FNH:2
FNDA:12,(anonymous_0)
FNDA:21,(anonymous_1)
DA:7,2
DA:8,12
DA:10,12
DA:14,21
LF:4
LH:4
BRDA:12,0,0,12
BRDA:12,0,1,11
BRF:2
BRH:2
end_of_record
TN:
SF:/Users/taylormorgan/Documents/Projects/scratch/react-resume/src/components/StandardLayout/EducationList.js
FN:7,(anonymous_0)
FN:10,(anonymous_1)
FN:36,(anonymous_2)
FNF:3
FNH:3
FNDA:19,(anonymous_0)
FNDA:37,(anonymous_1)
FNDA:37,(anonymous_2)
DA:7,2
DA:8,19
DA:10,19
DA:11,37
DA:12,37
DA:13,32
DA:16,5
DA:17,0
DA:19,5
DA:21,37
DA:22,32
DA:24,37
DA:25,26
DA:27,37
DA:28,32
DA:30,37
DA:33,19
DA:37,37
LF:18
LH:17
BRDA:12,0,0,32
BRDA:12,0,1,5
BRDA:12,1,0,37
BRDA:12,1,1,32
BRDA:16,2,0,0
BRDA:16,2,1,5
BRDA:21,3,0,32
BRDA:21,3,1,5
BRDA:24,4,0,26
BRDA:24,4,1,11
BRDA:27,5,0,32
BRDA:27,5,1,5
BRDA:35,6,0,19
BRDA:35,6,1,18
BRF:14
BRH:13
end_of_record
TN:
SF:/Users/taylormorgan/Documents/Projects/scratch/react-resume/src/components/StandardLayout/ExperienceList.js
FN:7,(anonymous_0)
FN:13,(anonymous_1)
FNF:2
FNH:2
FNDA:13,(anonymous_0)
FNDA:53,(anonymous_1)
DA:7,2
DA:8,13
DA:10,13
DA:14,53
LF:4
LH:4
BRDA:12,0,0,13
BRDA:12,0,1,12
BRF:2
BRH:2
end_of_record
TN:
SF:/Users/taylormorgan/Documents/Projects/scratch/react-resume/src/components/StandardLayout/Overview.js
FN:6,(anonymous_0)
FNF:1
FNH:1
FNDA:9,(anonymous_0)
DA:6,2
DA:7,9
DA:8,9
DA:10,9
LF:4
LH:4
BRF:0
BRH:0
end_of_record
TN:
SF:/Users/taylormorgan/Documents/Projects/scratch/react-resume/src/components/StandardLayout/ResumeSection.js
FN:7,(anonymous_0)
FN:12,(anonymous_1)
FN:16,(anonymous_2)
FNF:3
FNH:3
FNDA:99,(anonymous_0)
FNDA:2,(anonymous_1)
FNDA:49,(anonymous_2)
DA:7,5
DA:8,99
DA:9,99
DA:10,99
DA:12,99
DA:13,2
DA:16,99
DA:17,49
DA:20,99
LF:9
LH:9
BRDA:25,0,0,99
BRDA:25,0,1,89
BRF:2
BRH:2
end_of_record
TN:
SF:/Users/taylormorgan/Documents/Projects/scratch/react-resume/src/components/StandardLayout/ResumeCard/CardBulletList.js
FN:6,(anonymous_0)
FN:14,(anonymous_1)
FN:24,(anonymous_2)
FNF:3
FNH:3
FNDA:42,(anonymous_0)
FNDA:126,(anonymous_1)
FNDA:535,(anonymous_2)
DA:6,7
DA:7,42
DA:14,7
DA:15,126
DA:17,126
DA:18,8
DA:21,118
DA:25,535
LF:8
LH:8
BRDA:17,0,0,8
BRDA:17,0,1,118
BRDA:17,1,0,126
BRDA:17,1,1,119
BRDA:23,2,0,118
BRDA:23,2,1,118
BRF:6
BRH:6
end_of_record
TN:
SF:/Users/taylormorgan/Documents/Projects/scratch/react-resume/src/components/StandardLayout/ResumeCard/CardMetaList.js
FN:4,(anonymous_0)
FN:13,(anonymous_1)
FNF:2
FNH:2
FNDA:126,(anonymous_0)
FNDA:361,(anonymous_1)
DA:4,7
DA:5,126
DA:7,126
DA:8,19
DA:11,107
DA:14,361
LF:6
LH:6
BRDA:7,0,0,19
BRDA:7,0,1,107
BRDA:7,1,0,126
BRDA:7,1,1,115
BRF:4
BRH:4
end_of_record
TN:
SF:/Users/taylormorgan/Documents/Projects/scratch/react-resume/src/components/StandardLayout/ResumeCard/CardStyles.js
FN:3,(anonymous_0)
FN:5,(anonymous_1)
FNF:2
FNH:2
FNDA:53,(anonymous_0)
FNDA:356,(anonymous_1)
DA:3,9
DA:4,53
DA:5,356
LF:3
LH:3
BRF:0
BRH:0
end_of_record
TN:
SF:/Users/taylormorgan/Documents/Projects/scratch/react-resume/src/components/StandardLayout/ResumeCard/DateRange.js
FN:4,(anonymous_0)
FNF:1
FNH:1
FNDA:132,(anonymous_0)
DA:4,7
DA:5,132
DA:6,21
DA:8,111
DA:9,111
LF:5
LH:5
BRDA:4,0,0,131
BRDA:5,1,0,21
BRDA:5,1,1,111
BRDA:8,2,0,99
BRDA:8,2,1,12
BRDA:11,3,0,53
BRDA:11,3,1,58
BRF:7
BRH:7
end_of_record
TN:
SF:/Users/taylormorgan/Documents/Projects/scratch/react-resume/src/components/StandardLayout/ResumeCard/ResumeCard.js
FN:11,(anonymous_0)
FN:16,(anonymous_1)
FN:20,(anonymous_2)
FNF:3
FNH:2
FNDA:122,(anonymous_0)
FNDA:0,(anonymous_1)
FNDA:120,(anonymous_2)
DA:11,6
DA:12,122
DA:13,122
DA:14,122
DA:16,122
DA:17,0
DA:20,122
DA:21,120
DA:24,122
LF:9
LH:8
BRF:0
BRH:0
end_of_record
TN:
SF:/Users/taylormorgan/Documents/Projects/scratch/react-resume/src/components/TimelineLayout/Timeline.js
FN:7,(anonymous_0)
FNF:1
FNH:1
FNDA:2,(anonymous_0)
DA:7,2
DA:8,2
DA:9,2
DA:10,2
DA:12,2
LF:5
LH:5
BRF:0
BRH:0
end_of_record
TN:
SF:/Users/taylormorgan/Documents/Projects/scratch/react-resume/src/components/TimelineLayout/TimelineArray.js
FN:4,(anonymous_0)
FN:11,(anonymous_1)
FN:15,(anonymous_2)
FN:19,(anonymous_3)
FN:26,(anonymous_4)
FN:31,(anonymous_5)
FN:37,(anonymous_6)
FN:43,(anonymous_7)
FN:50,(anonymous_8)
FN:52,(anonymous_9)
FN:67,(anonymous_10)
FN:71,(anonymous_11)
FN:80,(anonymous_12)
FN:83,(anonymous_13)
FN:84,(anonymous_14)
FN:85,(anonymous_15)
FN:86,(anonymous_16)
FN:87,(anonymous_17)
FN:94,(anonymous_18)
FN:120,(anonymous_19)
FNF:20
FNH:19
FNDA:13,(anonymous_0)
FNDA:64,(anonymous_1)
FNDA:0,(anonymous_2)
FNDA:3,(anonymous_3)
FNDA:70,(anonymous_4)
FNDA:70,(anonymous_5)
FNDA:70,(anonymous_6)
FNDA:96,(anonymous_7)
FNDA:34,(anonymous_8)
FNDA:96,(anonymous_9)
FNDA:34,(anonymous_10)
FNDA:34,(anonymous_11)
FNDA:16,(anonymous_12)
FNDA:2,(anonymous_13)
FNDA:1,(anonymous_14)
FNDA:1,(anonymous_15)
FNDA:1,(anonymous_16)
FNDA:1,(anonymous_17)
FNDA:40,(anonymous_18)
FNDA:34,(anonymous_19)
DA:5,13
DA:6,13
DA:12,64
DA:16,0
DA:20,3
DA:21,0
DA:23,3
DA:27,70
DA:28,70
DA:32,70
DA:33,18
DA:38,70
DA:39,27
DA:44,96
DA:45,84
DA:46,84
DA:47,81
DA:51,34
DA:52,34
DA:53,96
DA:61,15
DA:64,34
DA:67,13
DA:68,34
DA:72,34
DA:73,40
DA:74,14
DA:77,20
DA:80,13
DA:83,2
DA:84,1
DA:85,1
DA:86,1
DA:87,1
DA:90,16
DA:91,0
DA:93,16
DA:94,16
DA:95,40
DA:96,39
DA:97,38
DA:98,3
DA:100,35
DA:101,35
DA:102,35
DA:120,34
DA:121,12
LF:47
LH:44
BRDA:20,0,0,0
BRDA:20,0,1,3
BRDA:20,1,0,3
BRDA:20,1,1,3
BRDA:32,2,0,18
BRDA:32,2,1,52
BRDA:32,3,0,70
BRDA:32,3,1,61
BRDA:38,4,0,27
BRDA:38,4,1,43
BRDA:38,5,0,70
BRDA:38,5,1,61
BRDA:44,6,0,12
BRDA:44,6,1,84
BRDA:44,7,0,96
BRDA:44,7,1,61
BRDA:45,8,0,0
BRDA:45,8,1,84
BRDA:45,9,0,84
BRDA:45,9,1,51
BRDA:46,10,0,3
BRDA:46,10,1,81
BRDA:46,11,0,84
BRDA:46,11,1,35
BRDA:53,12,0,15
BRDA:53,12,1,81
BRDA:73,13,0,14
BRDA:73,13,1,26
BRDA:82,14,0,1
BRDA:83,15,0,5
BRDA:84,16,0,1
BRDA:85,17,0,5
BRDA:86,18,0,1
BRDA:87,19,0,1
BRDA:90,20,0,0
BRDA:90,20,1,16
BRDA:97,21,0,3
BRDA:97,21,1,35
BRDA:97,22,0,38
BRDA:97,22,1,35
BRF:40
BRH:37
end_of_record
TN:
SF:/Users/taylormorgan/Documents/Projects/scratch/react-resume/src/components/TimelineLayout/TimelineAxis.js
FN:5,(anonymous_0)
FN:11,(anonymous_1)
FN:50,(anonymous_2)
FNF:3
FNH:3
FNDA:4,(anonymous_0)
FNDA:2,(anonymous_1)
FNDA:20,(anonymous_2)
DA:5,2
DA:6,4
DA:7,4
DA:8,4
DA:9,4
DA:11,4
DA:12,2
DA:13,2
DA:14,2
DA:15,2
DA:16,19
DA:18,2
DA:21,4
DA:51,20
LF:14
LH:14
BRF:0
BRH:0
end_of_record
TN:
SF:/Users/taylormorgan/Documents/Projects/scratch/react-resume/src/components/TimelineLayout/TimelineConfigStore.js
FN:14,(anonymous_0)
FNF:1
FNH:1
FNDA:5,(anonymous_0)
DA:1,3
DA:14,3
DA:15,5
DA:16,5
LF:4
LH:4
BRDA:15,0,0,5
BRDA:15,0,1,0
BRF:2
BRH:1
end_of_record
TN:
SF:/Users/taylormorgan/Documents/Projects/scratch/react-resume/src/components/TimelineLayout/TimelineItems.js
FN:18,(anonymous_0)
FN:29,(anonymous_1)
FN:44,(anonymous_2)
FN:45,(anonymous_3)
FN:50,(anonymous_4)
FN:54,(anonymous_5)
FN:60,(anonymous_6)
FN:75,(anonymous_7)
FN:107,(anonymous_8)
FN:116,(anonymous_9)
FN:129,(anonymous_10)
FN:132,(anonymous_11)
FN:133,(anonymous_12)
FN:134,(anonymous_13)
FN:135,(anonymous_14)
FN:136,(anonymous_15)
FN:139,(anonymous_16)
FN:140,(anonymous_17)
FN:141,(anonymous_18)
FN:142,(anonymous_19)
FN:143,(anonymous_20)
FN:146,(anonymous_21)
FN:147,(anonymous_22)
FN:148,(anonymous_23)
FN:149,(anonymous_24)
FN:150,(anonymous_25)
FN:154,(anonymous_26)
FN:183,(anonymous_27)
FN:187,(anonymous_28)
FNF:29
FNH:24
FNDA:0,(anonymous_0)
FNDA:2,(anonymous_1)
FNDA:12,(anonymous_2)
FNDA:12,(anonymous_3)
FNDA:0,(anonymous_4)
FNDA:12,(anonymous_5)
FNDA:0,(anonymous_6)
FNDA:0,(anonymous_7)
FNDA:2,(anonymous_8)
FNDA:12,(anonymous_9)
FNDA:1,(anonymous_10)
FNDA:7,(anonymous_11)
FNDA:7,(anonymous_12)
FNDA:7,(anonymous_13)
FNDA:7,(anonymous_14)
FNDA:7,(anonymous_15)
FNDA:3,(anonymous_16)
FNDA:3,(anonymous_17)
FNDA:3,(anonymous_18)
FNDA:3,(anonymous_19)
FNDA:3,(anonymous_20)
FNDA:2,(anonymous_21)
FNDA:2,(anonymous_22)
FNDA:2,(anonymous_23)
FNDA:2,(anonymous_24)
FNDA:2,(anonymous_25)
FNDA:1,(anonymous_26)
FNDA:0,(anonymous_27)
FNDA:24,(anonymous_28)
DA:18,2
DA:19,0
DA:29,2
DA:30,2
DA:31,2
DA:32,2
DA:35,2
DA:36,2
DA:37,2
DA:38,2
DA:43,2
DA:45,12
DA:50,2
DA:51,0
DA:53,2
DA:55,12
DA:56,12
DA:58,0
DA:59,0
DA:61,0
DA:69,0
DA:74,2
DA:76,0
DA:77,0
DA:78,0
DA:79,0
DA:82,0
DA:83,0
DA:90,0
DA:91,0
DA:92,0
DA:93,0
DA:94,0
DA:97,0
DA:107,2
DA:108,2
DA:109,0
DA:110,0
DA:111,0
DA:113,0
DA:116,2
DA:117,12
DA:118,0
DA:121,12
DA:123,2
DA:124,0
DA:129,2
DA:130,1
DA:132,7
DA:133,7
DA:134,7
DA:135,7
DA:136,7
DA:139,3
DA:140,3
DA:141,3
DA:142,3
DA:143,3
DA:146,2
DA:147,2
DA:148,2
DA:149,2
DA:150,2
DA:154,2
DA:156,1
DA:157,1
DA:162,1
DA:163,1
DA:164,1
DA:168,1
DA:172,1
DA:183,2
DA:184,0
DA:187,2
DA:188,24
LF:75
LH:50
BRDA:51,0,0,0
BRDA:51,0,1,0
BRDA:51,1,0,0
BRDA:51,1,1,0
BRDA:54,2,0,12
BRDA:55,3,0,12
BRDA:55,3,1,0
BRDA:55,4,0,12
BRDA:55,4,1,12
BRDA:58,5,0,0
BRDA:58,5,1,0
BRDA:61,6,0,0
BRDA:61,6,1,0
BRDA:61,6,2,0
BRDA:77,7,0,0
BRDA:77,7,1,0
BRDA:78,8,0,0
BRDA:78,8,1,0
BRDA:79,9,0,0
BRDA:79,9,1,0
BRDA:92,10,0,0
BRDA:92,10,1,0
BRDA:108,11,0,0
BRDA:108,11,1,2
BRDA:110,12,0,0
BRDA:110,12,1,0
BRDA:117,13,0,0
BRDA:117,13,1,12
BRDA:123,14,0,0
BRDA:123,14,1,2
BRDA:136,15,0,6
BRDA:136,15,1,1
BRDA:162,16,0,1
BRDA:162,16,1,0
BRF:34
BRH:10
end_of_record
TN:
SF:/Users/taylormorgan/Documents/Projects/scratch/react-resume/src/components/TimelineLayout/TimelineRange.js
FN:6,(anonymous_0)
FN:19,(anonymous_1)
FN:23,(anonymous_2)
FNF:3
FNH:2
FNDA:25,(anonymous_0)
FNDA:0,(anonymous_1)
FNDA:13,(anonymous_2)
DA:6,3
DA:15,25
DA:16,25
DA:17,25
DA:19,25
DA:20,0
DA:23,25
DA:24,13
DA:25,12
DA:29,25
DA:30,1
DA:32,24
DA:35,24
DA:36,24
DA:37,24
DA:38,24
DA:39,24
DA:40,24
DA:41,24
DA:43,24
LF:20
LH:19
BRDA:24,0,0,12
BRDA:24,0,1,1
BRDA:29,1,0,1
BRDA:29,1,1,24
BRDA:32,2,0,8
BRDA:32,2,1,16
BRDA:35,3,0,0
BRDA:35,3,1,24
BRDA:36,4,0,0
BRDA:36,4,1,24
BRDA:39,5,0,14
BRDA:39,5,1,10
BRF:12
BRH:10
end_of_record
TN:
SF:/Users/taylormorgan/Documents/Projects/scratch/react-resume/src/components/TimelineLayout/TimelineStyles.js
FN:3,(anonymous_0)
FN:18,(anonymous_1)
FN:24,(anonymous_2)
FN:37,(anonymous_3)
FN:43,(anonymous_4)
FN:47,(anonymous_5)
FN:52,(anonymous_6)
FN:57,(anonymous_7)
FNF:8
FNH:8
FNDA:2,(anonymous_0)
FNDA:29,(anonymous_1)
FNDA:29,(anonymous_2)
FNDA:29,(anonymous_3)
FNDA:29,(anonymous_4)
FNDA:29,(anonymous_5)
FNDA:29,(anonymous_6)
FNDA:29,(anonymous_7)
DA:3,3
DA:4,2
DA:18,29
DA:24,29
DA:37,29
DA:43,29
DA:47,29
DA:52,29
DA:57,29
LF:9
LH:9
BRDA:20,0,0,29
BRDA:20,0,1,0
BRDA:25,1,0,29
BRDA:25,1,1,0
BRDA:53,2,0,29
BRDA:53,2,1,0
BRDA:58,3,0,29
BRDA:58,3,1,0
BRF:8
BRH:4
end_of_record
TN:
SF:/Users/taylormorgan/Documents/Projects/scratch/react-resume/src/components/TimelineLayout/WithTimelineProviders.js
FN:11,(anonymous_0)
FN:20,(anonymous_1)
FNF:2
FNH:2
FNDA:10,(anonymous_0)
FNDA:74,(anonymous_1)
DA:11,3
DA:15,10
DA:20,10
DA:21,74
DA:22,26
DA:25,48
DA:26,48
DA:33,10
LF:8
LH:8
BRDA:12,0,0,6
BRDA:21,1,0,26
BRDA:21,1,1,48
BRF:3
BRH:3
end_of_record
TN:
SF:/Users/taylormorgan/Documents/Projects/scratch/react-resume/src/util/helpers.js
FN:1,(anonymous_0)
FN:3,(anonymous_1)
FN:4,(anonymous_2)
FN:12,(anonymous_3)
FN:15,(anonymous_4)
FN:17,(anonymous_5)
FNF:6
FNH:5
FNDA:111,(anonymous_0)
FNDA:928,(anonymous_1)
FNDA:356,(anonymous_2)
FNDA:2,(anonymous_3)
FNDA:73,(anonymous_4)
FNDA:0,(anonymous_5)
DA:1,6
DA:2,111
DA:3,928
DA:5,356
DA:6,356
DA:8,356
DA:12,6
DA:13,2
DA:15,73
DA:17,6
DA:18,0
LF:11
LH:10
BRDA:5,0,0,356
BRDA:5,0,1,0
BRDA:15,1,0,73
BRDA:15,1,1,70
BRDA:19,2,0,0
BRDA:19,2,1,0
BRDA:19,2,2,0
BRDA:19,2,3,0
BRF:8
BRH:3
end_of_record
